{"numFailedTestSuites":1,"numFailedTests":1,"numPassedTestSuites":0,"numPassedTests":10,"numPendingTestSuites":0,"numPendingTests":0,"numRuntimeErrorTestSuites":0,"numTodoTests":0,"numTotalTestSuites":1,"numTotalTests":11,"openHandles":[],"snapshot":{"added":0,"didUpdate":false,"failure":false,"filesAdded":0,"filesRemoved":0,"filesRemovedList":[],"filesUnmatched":0,"filesUpdated":0,"matched":0,"total":0,"unchecked":0,"uncheckedKeysByFile":[],"unmatched":0,"updated":0},"startTime":1783250677114,"success":false,"testResults":[{"assertionResults":[{"ancestorTitles":["functions form"],"duration":4582,"failureDetails":[],"failureMessages":[],"fullName":"functions form create function requires event name","invocations":1,"location":null,"numPassingAsserts":2,"retryReasons":[],"status":"passed","title":"create function requires event name"},{"ancestorTitles":["functions form"],"duration":2847,"failureDetails":[],"failureMessages":[],"fullName":"functions form create function succeeds with minimal data","invocations":1,"location":null,"numPassingAsserts":1,"retryReasons":[],"status":"passed","title":"create function succeeds with minimal data"},{"ancestorTitles":["functions form"],"duration":6320,"failureDetails":[{"matcherResult":{"message":"\u001b[2mexpect(\u001b[22m\u001b[31mreceived\u001b[39m\u001b[2m).\u001b[22mtoContain\u001b[2m(\u001b[22m\u001b[32mexpected\u001b[39m\u001b[2m) // indexOf\u001b[22m\n\nExpected substring: \u001b[32m\"Quick booking summary\"\u001b[39m\nReceived string:    \u001b[31m\"<!DOCTYPE html>·\u001b[39m\n\u001b[31m<html lang=\\\"en\\\">·\u001b[39m\n\u001b[31m<head>·\u001b[39m\n\u001b[31m  <meta charset=\\\"UTF-8\\\" />·\u001b[39m\n\u001b[31m  <meta name=\\\"viewport\\\" content=\\\"width=device-width, initial-scale=1.0\\\" />·\u001b[39m\n\u001b[31m  <title>Simplified Overview Test</title>···\u001b[39m\n\u001b[31m  <!-- 🧱 Fonts -->·\u001b[39m\n\u001b[31m  <link href=\\\"https://fonts.googleapis.com/css2?family=Inter:wght@400;500;600&display=swap\\\" rel=\\\"stylesheet\\\" />···\u001b[39m\n\u001b[31m  <!-- 💅 Bootstrap 5 -->·\u001b[39m\n\u001b[31m  <link·\u001b[39m\n\u001b[31m    href=\\\"https://cdn.jsdelivr.net/npm/bootstrap@5.3.3/dist/css/bootstrap.min.css\\\"·\u001b[39m\n\u001b[31m    rel=\\\"stylesheet\\\"·\u001b[39m\n\u001b[31m    integrity=\\\"sha384-QWTKZyjpPEjISv5WaRU9OFeRpok6YctnYmDr5pNlyT2bRjXh0JMhjY6hW+ALEwIH\\\"·\u001b[39m\n\u001b[31m    crossorigin=\\\"anonymous\\\"·\u001b[39m\n\u001b[31m  />···\u001b[39m\n\u001b[31m  <!-- 🎨 Main compiled SCSS -->·\u001b[39m\n\u001b[31m  <link rel=\\\"stylesheet\\\" href=\\\"/css/main.css?v=2.1\\\" />···\u001b[39m\n\u001b[31m  <!-- 💬 Page-specific CSS -->·················\u001b[39m\n\u001b[31m  <!-- 🪶 Quill Editor styles -->·\u001b[39m\n\u001b[31m  <link href=\\\"https://cdn.quilljs.com/2.0.3/quill.snow.css\\\" rel=\\\"stylesheet\\\" />·\u001b[39m\n\u001b[31m</head>·······\u001b[39m\n\u001b[31m<body data-page=\\\"function-detail\\\" class=\\\"\\\">·········\u001b[39m\n\u001b[31m  <!-- 🧭 Main Header -->·\u001b[39m\n\u001b[31m  <header class=\\\"main-header navbar navbar-expand-lg\\\">·\u001b[39m\n\u001b[31m    <div class=\\\"container-fluid\\\">·\u001b[39m\n\u001b[31m      <div class=\\\"pc-topbar-left\\\">·\u001b[39m\n\u001b[31m        <a class=\\\"navbar-brand logo-link\\\" href=\\\"/\\\">·\u001b[39m\n\u001b[31m          <img src=\\\"/img/pc-logo.png\\\" alt=\\\"Porirua Club\\\" class=\\\"logo-img\\\" />·\u001b[39m\n\u001b[31m        </a>·\u001b[39m\n\u001b[31m        <div class=\\\"pc-app-title d-none d-xl-flex\\\">·\u001b[39m\n\u001b[31m          <span class=\\\"pc-app-name\\\">Porirua Club Platform</span>·\u001b[39m\n\u001b[31m          <span class=\\\"pc-app-subtitle\\\">Operations workspace</span>·\u001b[39m\n\u001b[31m        </div>·\u001b[39m\n\u001b[31m      </div>···\u001b[39m\n\u001b[31m      <!-- 🍔 Burger -->·\u001b[39m\n\u001b[31m      <button class=\\\"navbar-toggler\\\" type=\\\"button\\\" data-bs-toggle=\\\"collapse\\\" data-bs-target=\\\"#mainNav\\\"·\u001b[39m\n\u001b[31m              aria-controls=\\\"mainNav\\\" aria-expanded=\\\"false\\\" aria-label=\\\"Toggle navigation\\\">·\u001b[39m\n\u001b[31m        <span class=\\\"navbar-toggler-icon\\\"></span>·\u001b[39m\n\u001b[31m      </button>···\u001b[39m\n\u001b[31m      <!-- 🔹 Nav Links -->·\u001b[39m\n\u001b[31m      <div class=\\\"collapse navbar-collapse\\\" id=\\\"mainNav\\\">·\u001b[39m\n\u001b[31m        <ul class=\\\"navbar-nav me-auto mb-2 mb-lg-0 nav-links pc-main-nav\\\">·\u001b[39m\n\u001b[31m          <li class=\\\"nav-item\\\">·\u001b[39m\n\u001b[31m            <a class=\\\"nav-link \\\" href=\\\"/dashboard\\\">Dashboard</a>·\u001b[39m\n\u001b[31m          </li>·\u001b[39m\n\u001b[31m          <li class=\\\"nav-item\\\">·\u001b[39m\n\u001b[31m            <a class=\\\"nav-link active\\\" href=\\\"/functions\\\">Functions</a>·\u001b[39m\n\u001b[31m          </li>·\u001b[39m\n\u001b[31m          <li class=\\\"nav-item\\\">·\u001b[39m\n\u001b[31m            <a class=\\\"nav-link \\\" href=\\\"/calendar\\\">Calendar</a>·\u001b[39m\n\u001b[31m          </li>·\u001b[39m\n\u001b[31m          <li class=\\\"nav-item\\\">·\u001b[39m\n\u001b[31m            <a class=\\\"nav-link \\\" href=\\\"/calendar/restaurant\\\">Restaurant</a>·\u001b[39m\n\u001b[31m          </li>·\u001b[39m\n\u001b[31m          <li class=\\\"nav-item\\\">·\u001b[39m\n\u001b[31m            <a class=\\\"nav-link \\\" href=\\\"/entertainment\\\">Entertainment</a>·\u001b[39m\n\u001b[31m          </li>·\u001b[39m\n\u001b[31m          <li class=\\\"nav-item\\\">·\u001b[39m\n\u001b[31m            <a class=\\\"nav-link \\\" href=\\\"/inbox\\\">Inbox</a>·\u001b[39m\n\u001b[31m          </li>·\u001b[39m\n\u001b[31m          <li class=\\\"nav-item\\\">·\u001b[39m\n\u001b[31m            <a class=\\\"nav-link \\\" href=\\\"/contacts\\\">Contacts</a>·\u001b[39m\n\u001b[31m          </li>·\u001b[39m\n\u001b[31m          <li class=\\\"nav-item\\\">·\u001b[39m\n\u001b[31m            <a class=\\\"nav-link \\\" href=\\\"/reports\\\">Reports</a>·\u001b[39m\n\u001b[31m          </li>·\u001b[39m\n\u001b[31m          <li class=\\\"nav-item\\\">·\u001b[39m\n\u001b[31m            <a class=\\\"nav-link \\\" href=\\\"/settings\\\">Settings</a>·\u001b[39m\n\u001b[31m          </li>·\u001b[39m\n\u001b[31m        </ul>···\u001b[39m\n\u001b[31m        <!-- 👤 User -->·\u001b[39m\n\u001b[31m        <div class=\\\"d-flex align-items-center header-right pc-header-right\\\">·········································\u001b[39m\n\u001b[31m              <a href=\\\"/settings/entertainment/events\\\" class=\\\"btn btn-primary btn-sm me-2\\\">Manage Events</a>···············\u001b[39m\n\u001b[31m            <div class=\\\"dropdown\\\">·\u001b[39m\n\u001b[31m              <button·\u001b[39m\n\u001b[31m                class=\\\"btn header-user-avatar p-0\\\"·\u001b[39m\n\u001b[31m                type=\\\"button\\\"·\u001b[39m\n\u001b[31m                id=\\\"userMenuBtn\\\"·\u001b[39m\n\u001b[31m                data-bs-toggle=\\\"dropdown\\\"·\u001b[39m\n\u001b[31m                aria-expanded=\\\"false\\\"·\u001b[39m\n\u001b[31m                title=\\\"Test Admin\\\"·\u001b[39m\n\u001b[31m              >·\u001b[39m\n\u001b[31m                T·\u001b[39m\n\u001b[31m              </button>·\u001b[39m\n\u001b[31m              <ul class=\\\"dropdown-menu dropdown-menu-end text-sm\\\" aria-labelledby=\\\"userMenuBtn\\\">·\u001b[39m\n\u001b[31m                <li><a class=\\\"dropdown-item\\\" href=\\\"/profile\\\">View Profile</a></li>·\u001b[39m\n\u001b[31m                <li><a class=\\\"dropdown-item\\\" href=\\\"/auth/logout\\\">Log out</a></li>···················\u001b[39m\n\u001b[31m                  <li><hr class=\\\"dropdown-divider\\\"></li>·\u001b[39m\n\u001b[31m                  <li><a class=\\\"dropdown-item\\\" href=\\\"/settings/users\\\">User management</a></li>···················\u001b[39m\n\u001b[31m              </ul>·\u001b[39m\n\u001b[31m            </div>·············\u001b[39m\n\u001b[31m        </div>·\u001b[39m\n\u001b[31m      </div>·\u001b[39m\n\u001b[31m    </div>·\u001b[39m\n\u001b[31m  </header>·······\u001b[39m\n\u001b[31m  <!-- 💠 Main Content -->·\u001b[39m\n\u001b[31m  <div class=\\\"main-content p-0\\\">·······\u001b[39m\n\u001b[31m      <main class=\\\"function-layout-two-col function-layout-two-col--simple\\\">·\u001b[39m\n\u001b[31m  <!-- 🧭 LEFT COLUMN — Sidebar Partial -->\u001b[39m\n\u001b[31m<aside class=\\\"function-sidebar\\\" aria-label=\\\"Function details\\\">\u001b[39m\n\u001b[31m  <div class=\\\"sidebar-mobile-header\\\">\u001b[39m\n\u001b[31m    <span>Function details</span>\u001b[39m\n\u001b[31m    <button type=\\\"button\\\" class=\\\"sidebar-close\\\" aria-label=\\\"Close details\\\">&times;</button>\u001b[39m\n\u001b[31m  </div>\u001b[39m\n\u001b[31m  <div class=\\\"sidebar-scroll-container\\\"> <!-- NEW WRAPPER -->·\u001b[39m\n\u001b[31m    <!-- 🧩 FUNCTION META -->\u001b[39m\n\u001b[31m    <div class=\\\"function-meta\\\">\u001b[39m\n\u001b[31m      <h2 contenteditable=\\\"true\\\" class=\\\"editable\\\" data-field=\\\"event_name\\\" data-id=\\\"e7032da3-fef6-4f89-82fe-37734908100c\\\">\u001b[39m\n\u001b[31m        Simplified Overview Test\u001b[39m\n\u001b[31m      </h2>\u001b[39m\n\u001b[31m      <select class=\\\"form-select status-select editable\\\" data-field=\\\"status\\\" data-id=\\\"e7032da3-fef6-4f89-82fe-37734908100c\\\">\u001b[39m\n\u001b[31m        <option value=\\\"lead\\\" >Lead</option>\u001b[39m\n\u001b[31m        <option value=\\\"confirmed\\\" selected>Confirmed</option>\u001b[39m\n\u001b[31m        <option value=\\\"cancelled\\\" >Cancelled</option>\u001b[39m\n\u001b[31m      </select>\u001b[39m\n\u001b[31m    </div>·\u001b[39m\n\u001b[31m    <section class=\\\"sidebar-block function-nav-block\\\">\u001b[39m\n\u001b[31m      <h4>Function</h4>\u001b[39m\n\u001b[31m      <nav class=\\\"function-side-nav\\\" aria-label=\\\"Function navigation\\\">\u001b[39m\n\u001b[31m        <a href=\\\"/functions/e7032da3-fef6-4f89-82fe-37734908100c\\\" class=\\\"active\\\">\u001b[39m\n\u001b[31m          <i class=\\\"bi bi-grid-1x2\\\"></i> Overview\u001b[39m\n\u001b[31m        </a>\u001b[39m\n\u001b[31m        <a href=\\\"/functions/e7032da3-fef6-4f89-82fe-37734908100c/edit\\\" class=\\\"\\\">\u001b[39m\n\u001b[31m          <i class=\\\"bi bi-pencil\\\"></i> Edit\u001b[39m\n\u001b[31m        </a>\u001b[39m\n\u001b[31m        <a href=\\\"/functions/e7032da3-fef6-4f89-82fe-37734908100c/quote\\\" class=\\\"\\\">\u001b[39m\n\u001b[31m          <i class=\\\"bi bi-receipt\\\"></i> Quote\u001b[39m\n\u001b[31m        </a>\u001b[39m\n\u001b[31m        <a href=\\\"/functions/e7032da3-fef6-4f89-82fe-37734908100c/tasks\\\" class=\\\"\\\">\u001b[39m\n\u001b[31m          <i class=\\\"bi bi-check2-square\\\"></i> Tasks\u001b[39m\n\u001b[31m        </a>\u001b[39m\n\u001b[31m        <a href=\\\"/functions/e7032da3-fef6-4f89-82fe-37734908100c/notes\\\" class=\\\"\\\">\u001b[39m\n\u001b[31m          <i class=\\\"bi bi-journal-text\\\"></i> Notes\u001b[39m\n\u001b[31m        </a>\u001b[39m\n\u001b[31m        <a href=\\\"/functions/e7032da3-fef6-4f89-82fe-37734908100c/communications\\\" class=\\\"\\\">\u001b[39m\n\u001b[31m          <i class=\\\"bi bi-envelope\\\"></i> Communications\u001b[39m\n\u001b[31m        </a>\u001b[39m\n\u001b[31m      </nav>·\u001b[39m\n\u001b[31m      <div class=\\\"function-quick-actions\\\">\u001b[39m\n\u001b[31m        <button type=\\\"button\\\" class=\\\"btn btn-sm btn-primary w-100\\\" data-open-add-contact>\u001b[39m\n\u001b[31m          <i class=\\\"bi bi-person-plus me-1\\\"></i> Add contact\u001b[39m\n\u001b[31m        </button>\u001b[39m\n\u001b[31m      </div>\u001b[39m\n\u001b[31m    </section>·\u001b[39m\n\u001b[31m    <!-- 👥 CONTACT BLOCK -->\u001b[39m\n\u001b[31m    <section class=\\\"function-contact-block sidebar-block\\\">\u001b[39m\n\u001b[31m      <div class=\\\"d-flex justify-content-between align-items-center mb-2\\\">\u001b[39m\n\u001b[31m        <h4>Contacts</h4>\u001b[39m\n\u001b[31m        <button type=\\\"button\\\" class=\\\"btn btn-sm btn-outline-primary\\\" data-open-add-contact>+ Add</button>\u001b[39m\n\u001b[31m      </div>········\u001b[39m\n\u001b[31m        <p class=\\\"text-muted\\\">No contacts linked</p>·······\u001b[39m\n\u001b[31m    </section>\u001b[39m\n\u001b[31m  </div> <!-- /sidebar-scroll-container -->\u001b[39m\n\u001b[31m</aside>\u001b[39m\n\u001b[31m<div class=\\\"sidebar-overlay\\\" id=\\\"sidebarOverlay\\\" aria-hidden=\\\"true\\\"></div>·····\u001b[39m\n\u001b[31m  <section class=\\\"function-workspace function-workspace--simple\\\">·\u001b[39m\n\u001b[31m    <!-- ===== Function Title Bar ===== -->···\u001b[39m\n\u001b[31m<div class=\\\"function-title-bar bg-light border-bottom py-3 mb-3\\\">·\u001b[39m\n\u001b[31m  <div class=\\\"container d-flex justify-content-between align-items-center flex-wrap gap-3\\\">·\u001b[39m\n\u001b[31m    <div>·\u001b[39m\n\u001b[31m      <h1 class=\\\"h4 fw-bold text-success mb-0\\\">···········\u001b[39m\n\u001b[31m          Simplified Overview Test·······················\u001b[39m\n\u001b[31m      </h1>·\u001b[39m\n\u001b[31m      <div class=\\\"small text-muted\\\">···········\u001b[39m\n\u001b[31m          <span>05/07/2026</span>·······························\u001b[39m\n\u001b[31m      </div>·\u001b[39m\n\u001b[31m    </div>···\u001b[39m\n\u001b[31m    <div class=\\\"text-muted small\\\">·········\u001b[39m\n\u001b[31m    </div>·\u001b[39m\n\u001b[31m  </div>·\u001b[39m\n\u001b[31m</div>·····\u001b[39m\n\u001b[31m    <div class=\\\"function-body function-body--simple\\\">·······················\u001b[39m\n\u001b[31m<div class=\\\"function-body function-overview py-4 px-4\\\">·········\u001b[39m\n\u001b[31m  <!-- ── 1. BOOKING DETAIL ── -->·\u001b[39m\n\u001b[31m  <section class=\\\"overview-card overview-detail mb-3\\\">·\u001b[39m\n\u001b[31m    <div class=\\\"overview-card__header\\\">·\u001b[39m\n\u001b[31m      <p class=\\\"overview-card__title mb-0\\\">Booking detail</p>·\u001b[39m\n\u001b[31m      <div class=\\\"d-flex flex-wrap gap-2 align-items-center\\\">·\u001b[39m\n\u001b[31m        <a href=\\\"/functions/e7032da3-fef6-4f89-82fe-37734908100c/edit\\\" class=\\\"btn btn-sm btn-outline-primary\\\">·\u001b[39m\n\u001b[31m          <i class=\\\"bi bi-pencil me-1\\\"></i>Edit·\u001b[39m\n\u001b[31m        </a>·\u001b[39m\n\u001b[31m        <form method=\\\"POST\\\" action=\\\"/functions/e7032da3-fef6-4f89-82fe-37734908100c/clone\\\" class=\\\"d-inline\\\" onsubmit=\\\"return confirm('Create a clone of this function?');\\\">·\u001b[39m\n\u001b[31m          <button type=\\\"submit\\\" class=\\\"btn btn-sm btn-outline-secondary\\\">·\u001b[39m\n\u001b[31m            <i class=\\\"bi bi-files me-1\\\"></i>Clone·\u001b[39m\n\u001b[31m          </button>·\u001b[39m\n\u001b[31m        </form>·\u001b[39m\n\u001b[31m        <button class=\\\"btn btn-sm btn-outline-primary\\\" data-bs-toggle=\\\"modal\\\" data-bs-target=\\\"#runSheetModal\\\">·\u001b[39m\n\u001b[31m          <i class=\\\"bi bi-clipboard-check me-1\\\"></i>Run sheet·\u001b[39m\n\u001b[31m        </button>···········\u001b[39m\n\u001b[31m          <button class=\\\"btn btn-sm btn-outline-secondary\\\" data-action=\\\"archive-function\\\">·\u001b[39m\n\u001b[31m            <i class=\\\"bi bi-archive me-1\\\"></i>Archive·\u001b[39m\n\u001b[31m          </button>·\u001b[39m\n\u001b[31m          <button class=\\\"btn btn-sm btn-outline-danger\\\" data-action=\\\"delete-function\\\">·\u001b[39m\n\u001b[31m            <i class=\\\"bi bi-trash me-1\\\"></i>Delete·\u001b[39m\n\u001b[31m          </button>···········\u001b[39m\n\u001b[31m      </div>·\u001b[39m\n\u001b[31m    </div>···\u001b[39m\n\u001b[31m    <div class=\\\"overview-detail-grid\\\">·\u001b[39m\n\u001b[31m      <div class=\\\"overview-detail-col\\\">·\u001b[39m\n\u001b[31m        <div class=\\\"overview-detail-row\\\">·\u001b[39m\n\u001b[31m          <span class=\\\"overview-detail-label\\\">Status</span>·\u001b[39m\n\u001b[31m          <span class=\\\"badge text-uppercase·\u001b[39m\n\u001b[31m            bg-success\\\">·\u001b[39m\n\u001b[31m            confirmed·\u001b[39m\n\u001b[31m          </span>·\u001b[39m\n\u001b[31m        </div>·\u001b[39m\n\u001b[31m        <div class=\\\"overview-detail-row\\\">·\u001b[39m\n\u001b[31m          <span class=\\\"overview-detail-label\\\">Primary contact</span>·\u001b[39m\n\u001b[31m          <span>···············\u001b[39m\n\u001b[31m              <span class=\\\"text-muted\\\">Not assigned</span>···············\u001b[39m\n\u001b[31m          </span>·\u001b[39m\n\u001b[31m        </div>···········\u001b[39m\n\u001b[31m        <div class=\\\"overview-detail-row\\\">·\u001b[39m\n\u001b[31m          <span class=\\\"overview-detail-label\\\">Event type</span>·\u001b[39m\n\u001b[31m          <select class=\\\"form-select form-select-sm overview-inline-edit\\\" data-field=\\\"event_type\\\">·\u001b[39m\n\u001b[31m            <option value=\\\"\\\">Not set</option>···············\u001b[39m\n\u001b[31m              <option value=\\\"Test Event\\\" >Test Event</option>···············\u001b[39m\n\u001b[31m          </select>·\u001b[39m\n\u001b[31m        </div>·\u001b[39m\n\u001b[31m        <div class=\\\"overview-detail-row\\\">·\u001b[39m\n\u001b[31m          <span class=\\\"overview-detail-label\\\">Attendees</span>·\u001b[39m\n\u001b[31m          <input type=\\\"number\\\" min=\\\"0\\\" class=\\\"form-control form-control-sm overview-inline-edit\\\" data-field=\\\"attendees\\\" value=\\\"0\\\">·\u001b[39m\n\u001b[31m        </div>·\u001b[39m\n\u001b[31m        <div class=\\\"overview-detail-row\\\">·\u001b[39m\n\u001b[31m          <span class=\\\"overview-detail-label\\\">Budget</span>·\u001b[39m\n\u001b[31m          <input type=\\\"number\\\" step=\\\"0.01\\\" min=\\\"0\\\" class=\\\"form-control form-control-sm overview-inline-edit\\\" data-field=\\\"budget\\\" value=\\\"\\\" placeholder=\\\"Not set\\\">·\u001b[39m\n\u001b[31m        </div>···········\u001b[39m\n\u001b[31m      </div>···\u001b[39m\n\u001b[31m      <div class=\\\"overview-detail-col\\\">·\u001b[39m\n\u001b[31m        <div class=\\\"overview-detail-row\\\">·\u001b[39m\n\u001b[31m          <span class=\\\"overview-detail-label\\\">Date</span>·\u001b[39m\n\u001b[31m          <div class=\\\"d-flex flex-wrap gap-2 align-items-center\\\">·\u001b[39m\n\u001b[31m            <input type=\\\"date\\\" class=\\\"form-control form-control-sm overview-inline-edit\\\" data-field=\\\"event_date\\\" value=\\\"2026-07-05\\\">·\u001b[39m\n\u001b[31m            <span class=\\\"text-muted small\\\">to</span>·\u001b[39m\n\u001b[31m            <input type=\\\"date\\\" class=\\\"form-control form-control-sm overview-inline-edit\\\" data-field=\\\"end_date\\\" value=\\\"\\\">·\u001b[39m\n\u001b[31m          </div>·\u001b[39m\n\u001b[31m        </div>·\u001b[39m\n\u001b[31m        <div class=\\\"overview-detail-row\\\">·\u001b[39m\n\u001b[31m          <span class=\\\"overview-detail-label\\\">Time</span>·\u001b[39m\n\u001b[31m          <div class=\\\"d-flex flex-wrap gap-2 align-items-center\\\">·\u001b[39m\n\u001b[31m            <input type=\\\"time\\\" class=\\\"form-control form-control-sm overview-inline-edit\\\" data-field=\\\"start_time\\\" value=\\\"\\\">·\u001b[39m\n\u001b[31m            <span class=\\\"text-muted small\\\">to</span>·\u001b[39m\n\u001b[31m            <input type=\\\"time\\\" class=\\\"form-control form-control-sm overview-inline-edit\\\" data-field=\\\"end_time\\\" value=\\\"\\\">·\u001b[39m\n\u001b[31m          </div>·\u001b[39m\n\u001b[31m        </div>·\u001b[39m\n\u001b[31m        <div class=\\\"overview-detail-row\\\">·\u001b[39m\n\u001b[31m          <span class=\\\"overview-detail-label\\\">Room</span>·\u001b[39m\n\u001b[31m          <select class=\\\"form-select form-select-sm overview-inline-edit\\\" data-field=\\\"room_id\\\">·\u001b[39m\n\u001b[31m            <option value=\\\"\\\">Unassigned</option>···············\u001b[39m\n\u001b[31m              <option value=\\\"1\\\" >Test Room</option>···············\u001b[39m\n\u001b[31m          </select>·\u001b[39m\n\u001b[31m        </div>···········\u001b[39m\n\u001b[31m      </div>·\u001b[39m\n\u001b[31m    </div>·········\u001b[39m\n\u001b[31m  </section>···\u001b[39m\n\u001b[31m  <!-- ── 2. NOTES & CALLS ── -->·\u001b[39m\n\u001b[31m  <section class=\\\"overview-card overview-notes mb-3\\\">·\u001b[39m\n\u001b[31m    <div class=\\\"overview-card__header\\\">·\u001b[39m\n\u001b[31m      <p class=\\\"overview-card__title mb-0\\\">Notes &amp; calls</p>·\u001b[39m\n\u001b[31m      <div class=\\\"d-flex gap-2\\\">·\u001b[39m\n\u001b[31m        <button class=\\\"btn btn-sm btn-outline-secondary\\\" data-action=\\\"add-note\\\" data-function=\\\"e7032da3-fef6-4f89-82fe-37734908100c\\\">Add note</button>·\u001b[39m\n\u001b[31m        <button class=\\\"btn btn-sm btn-outline-secondary\\\" data-action=\\\"log-call\\\" data-function=\\\"e7032da3-fef6-4f89-82fe-37734908100c\\\">Log call</button>·\u001b[39m\n\u001b[31m      </div>·\u001b[39m\n\u001b[31m    </div>·\u001b[39m\n\u001b[31m    <div class=\\\"notes-list\\\">·········\u001b[39m\n\u001b[31m        <div class=\\\"empty-state\\\">No notes logged yet.</div>·········\u001b[39m\n\u001b[31m    </div>·\u001b[39m\n\u001b[31m  </section>···\u001b[39m\n\u001b[31m  <!-- ── 3. ROOM HIRE ── -->·\u001b[39m\n\u001b[31m  <section class=\\\"overview-card overview-room-charges mb-3\\\">·\u001b[39m\n\u001b[31m    <div class=\\\"overview-card__header\\\">·\u001b[39m\n\u001b[31m      <div>·\u001b[39m\n\u001b[31m        <p class=\\\"overview-card__title mb-0\\\">Room hire</p>···········\u001b[39m\n\u001b[31m        <span class=\\\"text-muted small\\\">Unassigned·············\u001b[39m\n\u001b[31m        </span>·\u001b[39m\n\u001b[31m      </div>·\u001b[39m\n\u001b[31m      <a href=\\\"/functions/e7032da3-fef6-4f89-82fe-37734908100c/quote\\\" class=\\\"btn btn-sm btn-outline-primary\\\">Open quote</a>·\u001b[39m\n\u001b[31m    </div>·······\u001b[39m\n\u001b[31m      <div class=\\\"empty-state\\\">No room charge lines added to the quote yet.</div>·······\u001b[39m\n\u001b[31m  </section>···\u001b[39m\n\u001b[31m  <!-- ── 4. MENUS ── -->·\u001b[39m\n\u001b[31m  <section class=\\\"overview-card overview-menus mb-3\\\">·\u001b[39m\n\u001b[31m    <div class=\\\"overview-card__header\\\">·\u001b[39m\n\u001b[31m      <p class=\\\"overview-card__title mb-0\\\">Menus</p>·\u001b[39m\n\u001b[31m      <div class=\\\"d-flex gap-2\\\">·\u001b[39m\n\u001b[31m        <button class=\\\"btn btn-sm btn-outline-secondary\\\" data-bs-toggle=\\\"modal\\\" data-bs-target=\\\"#overviewQuickItemModal\\\">Quick add item</button>·\u001b[39m\n\u001b[31m        <button class=\\\"btn btn-sm btn-outline-secondary\\\" data-bs-toggle=\\\"modal\\\" data-bs-target=\\\"#overviewQuickMenuModal\\\">Add saved menu</button>·\u001b[39m\n\u001b[31m        <a href=\\\"/functions/e7032da3-fef6-4f89-82fe-37734908100c/quote\\\" class=\\\"btn btn-sm btn-outline-primary\\\">Open quote</a>·\u001b[39m\n\u001b[31m      </div>·\u001b[39m\n\u001b[31m    </div>·\u001b[39m\n\u001b[31m    <div class=\\\"menu-list\\\">·········\u001b[39m\n\u001b[31m        <div class=\\\"empty-state\\\">No menus attached to this quote.</div>·········\u001b[39m\n\u001b[31m    </div>·\u001b[39m\n\u001b[31m  </section>···\u001b[39m\n\u001b[31m  <!-- ── 5. FINANCIAL SUMMARY ── -->·\u001b[39m\n\u001b[31m  <section class=\\\"overview-card overview-financial mb-3\\\">·\u001b[39m\n\u001b[31m    <div class=\\\"overview-card__header\\\">·\u001b[39m\n\u001b[31m      <div>·\u001b[39m\n\u001b[31m        <p class=\\\"overview-card__title mb-0\\\">Financial summary</p>···········\u001b[39m\n\u001b[31m      </div>·\u001b[39m\n\u001b[31m      <div class=\\\"d-flex gap-2\\\">·\u001b[39m\n\u001b[31m        <button class=\\\"btn btn-sm btn-outline-primary disabled\\\" data-bs-toggle=\\\"modal\\\" data-bs-target=\\\"#quickPaymentModal\\\" disabled>Record payment</button>·\u001b[39m\n\u001b[31m        <a href=\\\"/functions/e7032da3-fef6-4f89-82fe-37734908100c/quote#totals\\\" class=\\\"btn btn-sm btn-outline-secondary\\\">Adjust in quote</a>···········\u001b[39m\n\u001b[31m      </div>·\u001b[39m\n\u001b[31m    </div>·\u001b[39m\n\u001b[31m    <div class=\\\"financial-grid\\\">·\u001b[39m\n\u001b[31m      <div class=\\\"financial-item\\\">·\u001b[39m\n\u001b[31m        <span>Subtotal</span>·\u001b[39m\n\u001b[31m        <strong>$0.00</strong>·\u001b[39m\n\u001b[31m      </div>·················\u001b[39m\n\u001b[31m      <div class=\\\"financial-item\\\">·\u001b[39m\n\u001b[31m        <span>Deposit</span>·\u001b[39m\n\u001b[31m        <strong>$0.00</strong>·\u001b[39m\n\u001b[31m      </div>·\u001b[39m\n\u001b[31m      <div class=\\\"financial-item\\\">·\u001b[39m\n\u001b[31m        <span>Total paid</span>·\u001b[39m\n\u001b[31m        <strong>$0.00</strong>·\u001b[39m\n\u001b[31m      </div>·\u001b[39m\n\u001b[31m      <div class=\\\"financial-item financial-item--total\\\">·\u001b[39m\n\u001b[31m        <span>Remaining due</span>·\u001b[39m\n\u001b[31m        <strong class=\\\"text-success\\\">·\u001b[39m\n\u001b[31m          $0.00·\u001b[39m\n\u001b[31m        </strong>·\u001b[39m\n\u001b[31m      </div>·\u001b[39m\n\u001b[31m    </div>·\u001b[39m\n\u001b[31m  </section>···\u001b[39m\n\u001b[31m  <!-- ── 6. FEEDBACK ── -->·\u001b[39m\n\u001b[31m  <section class=\\\"overview-card overview-feedback mb-3\\\">·\u001b[39m\n\u001b[31m    <div class=\\\"overview-card__header\\\">·\u001b[39m\n\u001b[31m      <p class=\\\"overview-card__title mb-0\\\">Feedback</p>·\u001b[39m\n\u001b[31m      <a href=\\\"/settings/feedback\\\" class=\\\"btn btn-sm btn-outline-secondary\\\">View surveys</a>·\u001b[39m\n\u001b[31m    </div>·\u001b[39m\n\u001b[31m    <div class=\\\"feedback-feed\\\">·················\u001b[39m\n\u001b[31m        <div class=\\\"empty-state\\\">No feedback received yet.</div>·········\u001b[39m\n\u001b[31m    </div>·\u001b[39m\n\u001b[31m  </section>···\u001b[39m\n\u001b[31m  <!-- ── 7. COMMUNICATIONS ── -->·\u001b[39m\n\u001b[31m  <section class=\\\"overview-card overview-communications mb-3\\\">·\u001b[39m\n\u001b[31m    <div class=\\\"overview-card__header\\\">·\u001b[39m\n\u001b[31m      <p class=\\\"overview-card__title mb-0\\\">Recent communications</p>·\u001b[39m\n\u001b[31m      <a href=\\\"/functions/e7032da3-fef6-4f89-82fe-37734908100c/communications\\\" class=\\\"btn btn-sm btn-outline-secondary\\\">View all</a>·\u001b[39m\n\u001b[31m    </div>·\u001b[39m\n\u001b[31m    <div class=\\\"comms-feed\\\">·········\u001b[39m\n\u001b[31m        <div class=\\\"empty-state\\\">No communications recorded.</div>·········\u001b[39m\n\u001b[31m    </div>·\u001b[39m\n\u001b[31m</section>·\u001b[39m\n\u001b[31m</div>···\u001b[39m\n\u001b[31m<!-- Run Sheet Modal -->···\u001b[39m\n\u001b[31m<!-- Menu Items Modal -->·\u001b[39m\n\u001b[31m<div class=\\\"modal fade\\\" id=\\\"menuItemsModal\\\" tabindex=\\\"-1\\\" aria-labelledby=\\\"menuItemsModalTitle\\\" aria-hidden=\\\"true\\\">·\u001b[39m\n\u001b[31m  <div class=\\\"modal-dialog modal-lg modal-dialog-scrollable\\\">·\u001b[39m\n\u001b[31m    <div class=\\\"modal-content\\\">·\u001b[39m\n\u001b[31m      <div class=\\\"modal-header\\\">·\u001b[39m\n\u001b[31m        <h5 class=\\\"modal-title\\\" id=\\\"menuItemsModalTitle\\\">Menu items</h5>·\u001b[39m\n\u001b[31m        <button type=\\\"button\\\" class=\\\"btn-close\\\" data-bs-dismiss=\\\"modal\\\" aria-label=\\\"Close\\\"></button>·\u001b[39m\n\u001b[31m      </div>·\u001b[39m\n\u001b[31m      <div class=\\\"modal-body\\\" id=\\\"menuItemsModalBody\\\">·\u001b[39m\n\u001b[31m        <p class=\\\"text-muted mb-0\\\">No items recorded for this menu.</p>·\u001b[39m\n\u001b[31m      </div>·\u001b[39m\n\u001b[31m      <div class=\\\"modal-footer\\\">·\u001b[39m\n\u001b[31m        <button type=\\\"button\\\" class=\\\"btn btn-secondary\\\" data-bs-dismiss=\\\"modal\\\">Close</button>·\u001b[39m\n\u001b[31m      </div>·\u001b[39m\n\u001b[31m    </div>·\u001b[39m\n\u001b[31m  </div>·\u001b[39m\n\u001b[31m</div>···\u001b[39m\n\u001b[31m<div class=\\\"modal fade\\\" id=\\\"runSheetModal\\\" tabindex=\\\"-1\\\" aria-labelledby=\\\"runSheetModalLabel\\\" aria-hidden=\\\"true\\\">·\u001b[39m\n\u001b[31m  <div class=\\\"modal-dialog modal-lg modal-dialog-scrollable\\\">·\u001b[39m\n\u001b[31m    <div class=\\\"modal-content\\\">·\u001b[39m\n\u001b[31m      <form id=\\\"runSheetForm\\\">·\u001b[39m\n\u001b[31m        <div class=\\\"modal-header\\\">·\u001b[39m\n\u001b[31m          <h5 class=\\\"modal-title\\\" id=\\\"runSheetModalLabel\\\">Build Run Sheet</h5>·\u001b[39m\n\u001b[31m          <button type=\\\"button\\\" class=\\\"btn-close\\\" data-bs-dismiss=\\\"modal\\\" aria-label=\\\"Close\\\"></button>·\u001b[39m\n\u001b[31m        </div>·\u001b[39m\n\u001b[31m        <div class=\\\"modal-body\\\">·\u001b[39m\n\u001b[31m          <div class=\\\"row g-3 mb-3\\\">·\u001b[39m\n\u001b[31m            <div class=\\\"col-sm-6\\\">·\u001b[39m\n\u001b[31m              <label class=\\\"form-label text-muted small\\\">Event date</label>·\u001b[39m\n\u001b[31m              <p class=\\\"fw-semibold mb-0\\\">5/07/2026</p>·\u001b[39m\n\u001b[31m            </div>·\u001b[39m\n\u001b[31m            <div class=\\\"col-sm-6\\\">·\u001b[39m\n\u001b[31m              <label class=\\\"form-label text-muted small\\\">Room / Guests</label>·\u001b[39m\n\u001b[31m              <p class=\\\"fw-semibold mb-0\\\">Unassigned · 0 guests</p>·\u001b[39m\n\u001b[31m            </div>·\u001b[39m\n\u001b[31m            <div class=\\\"col-sm-6\\\">·\u001b[39m\n\u001b[31m              <label class=\\\"form-label text-muted small\\\">Start time</label>·\u001b[39m\n\u001b[31m              <p class=\\\"fw-semibold mb-0\\\">--:--</p>·\u001b[39m\n\u001b[31m            </div>·\u001b[39m\n\u001b[31m            <div class=\\\"col-sm-6\\\">·\u001b[39m\n\u001b[31m              <label class=\\\"form-label text-muted small\\\">End time</label>·\u001b[39m\n\u001b[31m              <p class=\\\"fw-semibold mb-0\\\">--:--</p>·\u001b[39m\n\u001b[31m            </div>·\u001b[39m\n\u001b[31m          </div>·\u001b[39m\n\u001b[31m          <div class=\\\"mb-4\\\">·\u001b[39m\n\u001b[31m            <label class=\\\"form-label fw-semibold\\\">Include notes</label>···············\u001b[39m\n\u001b[31m              <p class=\\\"text-muted mb-0\\\">No notes available.</p>···············\u001b[39m\n\u001b[31m          </div>·\u001b[39m\n\u001b[31m          <div>·\u001b[39m\n\u001b[31m            <label class=\\\"form-label fw-semibold\\\">Include menus</label>···············\u001b[39m\n\u001b[31m              <p class=\\\"text-muted mb-0\\\">No menus currently on the quote.</p>···············\u001b[39m\n\u001b[31m          </div>·\u001b[39m\n\u001b[31m        </div>·\u001b[39m\n\u001b[31m        <div class=\\\"modal-footer\\\">·\u001b[39m\n\u001b[31m          <button type=\\\"button\\\" class=\\\"btn btn-secondary\\\" data-bs-dismiss=\\\"modal\\\">Close</button>·\u001b[39m\n\u001b[31m          <button type=\\\"button\\\" class=\\\"btn btn-primary\\\" id=\\\"runSheetPreviewBtn\\\">Preview</button>·\u001b[39m\n\u001b[31m        </div>·\u001b[39m\n\u001b[31m      </form>·\u001b[39m\n\u001b[31m    </div>·\u001b[39m\n\u001b[31m  </div>·\u001b[39m\n\u001b[31m</div>···\u001b[39m\n\u001b[31m<!-- Quick Note Modal -->·\u001b[39m\n\u001b[31m<div class=\\\"modal fade\\\" id=\\\"quickNoteModal\\\" tabindex=\\\"-1\\\" aria-labelledby=\\\"quickNoteModalLabel\\\" aria-hidden=\\\"true\\\">·\u001b[39m\n\u001b[31m  <div class=\\\"modal-dialog modal-dialog-centered\\\">·\u001b[39m\n\u001b[31m    <div class=\\\"modal-content\\\">·\u001b[39m\n\u001b[31m      <form id=\\\"quickNoteModalForm\\\">·\u001b[39m\n\u001b[31m        <div class=\\\"modal-header\\\">·\u001b[39m\n\u001b[31m          <h5 class=\\\"modal-title quick-note-title\\\" id=\\\"quickNoteModalLabel\\\">Add note</h5>·\u001b[39m\n\u001b[31m          <button type=\\\"button\\\" class=\\\"btn-close\\\" data-bs-dismiss=\\\"modal\\\" aria-label=\\\"Close\\\"></button>·\u001b[39m\n\u001b[31m        </div>·\u001b[39m\n\u001b[31m        <div class=\\\"modal-body\\\">·\u001b[39m\n\u001b[31m          <div class=\\\"mb-3\\\">·\u001b[39m\n\u001b[31m            <label for=\\\"quickNoteType\\\" class=\\\"form-label\\\">Type</label>·\u001b[39m\n\u001b[31m            <select id=\\\"quickNoteType\\\" class=\\\"form-select\\\">·\u001b[39m\n\u001b[31m              <option value=\\\"call\\\">Call log</option>·\u001b[39m\n\u001b[31m              <option value=\\\"proposal\\\">Proposal note</option>·\u001b[39m\n\u001b[31m              <option value=\\\"internal\\\">Internal</option>·\u001b[39m\n\u001b[31m            </select>·\u001b[39m\n\u001b[31m          </div>·\u001b[39m\n\u001b[31m          <div class=\\\"mb-0\\\">·\u001b[39m\n\u001b[31m            <label for=\\\"quickNoteContent\\\" class=\\\"form-label\\\">Details</label>·\u001b[39m\n\u001b[31m            <div id=\\\"quickNoteEditor\\\" class=\\\"bg-white border rounded\\\"></div>·\u001b[39m\n\u001b[31m            <textarea id=\\\"quickNoteContent\\\" class=\\\"form-control d-none\\\" rows=\\\"4\\\" placeholder=\\\"Add note details\\\"></textarea>·\u001b[39m\n\u001b[31m          </div>·\u001b[39m\n\u001b[31m        </div>·\u001b[39m\n\u001b[31m        <div class=\\\"modal-footer\\\">·\u001b[39m\n\u001b[31m          <button type=\\\"button\\\" class=\\\"btn btn-secondary\\\" data-bs-dismiss=\\\"modal\\\">Cancel</button>·\u001b[39m\n\u001b[31m          <button type=\\\"submit\\\" class=\\\"btn btn-primary\\\">Save note</button>·\u001b[39m\n\u001b[31m        </div>·\u001b[39m\n\u001b[31m      </form>·\u001b[39m\n\u001b[31m    </div>·\u001b[39m\n\u001b[31m  </div>·\u001b[39m\n\u001b[31m</div>···\u001b[39m\n\u001b[31m<!-- Quick Payment Modal -->·\u001b[39m\n\u001b[31m<div class=\\\"modal fade\\\" id=\\\"quickPaymentModal\\\" tabindex=\\\"-1\\\" aria-labelledby=\\\"quickPaymentModalLabel\\\" aria-hidden=\\\"true\\\">·\u001b[39m\n\u001b[31m  <div class=\\\"modal-dialog modal-dialog-centered\\\">·\u001b[39m\n\u001b[31m    <div class=\\\"modal-content\\\">·\u001b[39m\n\u001b[31m      <form id=\\\"quickPaymentForm\\\">·\u001b[39m\n\u001b[31m        <div class=\\\"modal-header\\\">·\u001b[39m\n\u001b[31m          <h5 class=\\\"modal-title\\\" id=\\\"quickPaymentModalLabel\\\">Record payment</h5>·\u001b[39m\n\u001b[31m          <button type=\\\"button\\\" class=\\\"btn-close\\\" data-bs-dismiss=\\\"modal\\\" aria-label=\\\"Close\\\"></button>·\u001b[39m\n\u001b[31m        </div>·\u001b[39m\n\u001b[31m        <div class=\\\"modal-body\\\">·\u001b[39m\n\u001b[31m          <div class=\\\"mb-3\\\">·\u001b[39m\n\u001b[31m            <label class=\\\"form-label\\\">Recent payments</label>·····························\u001b[39m\n\u001b[31m              <div class=\\\"text-muted small border rounded p-2\\\">No payments recorded yet.</div>···············\u001b[39m\n\u001b[31m          </div>···\u001b[39m\n\u001b[31m          <div class=\\\"mb-3\\\">·\u001b[39m\n\u001b[31m            <label class=\\\"form-label\\\">Payment description</label>·\u001b[39m\n\u001b[31m            <input type=\\\"text\\\" name=\\\"payment_type\\\" class=\\\"form-control\\\" placeholder=\\\"e.g. Deposit\\\" required>·\u001b[39m\n\u001b[31m          </div>·\u001b[39m\n\u001b[31m          <div class=\\\"row g-2\\\">·\u001b[39m\n\u001b[31m            <div class=\\\"col-6\\\">·\u001b[39m\n\u001b[31m              <label class=\\\"form-label\\\">Date paid</label>·\u001b[39m\n\u001b[31m              <input type=\\\"date\\\" name=\\\"paid_on\\\" class=\\\"form-control\\\" value=\\\"2026-07-05\\\" required>·\u001b[39m\n\u001b[31m            </div>·\u001b[39m\n\u001b[31m            <div class=\\\"col-6\\\">·\u001b[39m\n\u001b[31m              <label class=\\\"form-label\\\">Amount ($)</label>·\u001b[39m\n\u001b[31m              <input type=\\\"number\\\" step=\\\"0.01\\\" min=\\\"0\\\" name=\\\"amount\\\" class=\\\"form-control\\\" required>·\u001b[39m\n\u001b[31m            </div>·\u001b[39m\n\u001b[31m          </div>·\u001b[39m\n\u001b[31m          <div class=\\\"mt-3\\\">·\u001b[39m\n\u001b[31m            <label class=\\\"form-label\\\">Payment method</label>·\u001b[39m\n\u001b[31m            <select name=\\\"method\\\" class=\\\"form-select\\\">·\u001b[39m\n\u001b[31m              <option value=\\\"online\\\">Online</option>·\u001b[39m\n\u001b[31m              <option value=\\\"till\\\">Till</option>·\u001b[39m\n\u001b[31m              <option value=\\\"other\\\">Other</option>·\u001b[39m\n\u001b[31m            </select>·\u001b[39m\n\u001b[31m          </div>·\u001b[39m\n\u001b[31m        </div>·\u001b[39m\n\u001b[31m        <div class=\\\"modal-footer\\\">·\u001b[39m\n\u001b[31m          <button type=\\\"button\\\" class=\\\"btn btn-secondary\\\" data-bs-dismiss=\\\"modal\\\">Cancel</button>·\u001b[39m\n\u001b[31m          <button type=\\\"submit\\\" class=\\\"btn btn-primary\\\">Save payment</button>·\u001b[39m\n\u001b[31m        </div>·\u001b[39m\n\u001b[31m      </form>·\u001b[39m\n\u001b[31m    </div>·\u001b[39m\n\u001b[31m  </div>·\u001b[39m\n\u001b[31m</div>···\u001b[39m\n\u001b[31m<!-- Quick Add Item Modal -->·\u001b[39m\n\u001b[31m<div class=\\\"modal fade\\\" id=\\\"overviewQuickItemModal\\\" tabindex=\\\"-1\\\" aria-labelledby=\\\"overviewQuickItemModalLabel\\\" aria-hidden=\\\"true\\\">·\u001b[39m\n\u001b[31m  <div class=\\\"modal-dialog modal-dialog-centered\\\">·\u001b[39m\n\u001b[31m    <div class=\\\"modal-content\\\">·\u001b[39m\n\u001b[31m      <form id=\\\"overviewQuickItemForm\\\">·\u001b[39m\n\u001b[31m        <div class=\\\"modal-header\\\">·\u001b[39m\n\u001b[31m          <h5 class=\\\"modal-title\\\" id=\\\"overviewQuickItemModalLabel\\\">Quick add quote item</h5>·\u001b[39m\n\u001b[31m          <button type=\\\"button\\\" class=\\\"btn-close\\\" data-bs-dismiss=\\\"modal\\\" aria-label=\\\"Close\\\"></button>·\u001b[39m\n\u001b[31m        </div>·\u001b[39m\n\u001b[31m        <div class=\\\"modal-body\\\">·\u001b[39m\n\u001b[31m          <div class=\\\"mb-3\\\">·\u001b[39m\n\u001b[31m            <label class=\\\"form-label\\\">Category</label>·\u001b[39m\n\u001b[31m            <select class=\\\"form-select\\\" name=\\\"category\\\" id=\\\"overviewQuickItemCategory\\\" required>·\u001b[39m\n\u001b[31m              <option value=\\\"\\\">Select category...</option>·\u001b[39m\n\u001b[31m              <option value=\\\"Room\\\">Room charge</option>·\u001b[39m\n\u001b[31m              <option value=\\\"Food\\\">Food</option>·\u001b[39m\n\u001b[31m              <option value=\\\"Drinks\\\">Drinks</option>·\u001b[39m\n\u001b[31m              <option value=\\\"Extras\\\">Extras</option>·\u001b[39m\n\u001b[31m              <option value=\\\"Service\\\">Service charge</option>·\u001b[39m\n\u001b[31m            </select>·\u001b[39m\n\u001b[31m          </div>·\u001b[39m\n\u001b[31m          <div class=\\\"mb-3 d-none\\\" id=\\\"overviewQuickItemRoomWrap\\\">·\u001b[39m\n\u001b[31m            <label class=\\\"form-label\\\">Room for this charge</label>·\u001b[39m\n\u001b[31m            <select class=\\\"form-select\\\" name=\\\"room_id\\\">·\u001b[39m\n\u001b[31m              <option value=\\\"\\\">Use booked room</option>·················\u001b[39m\n\u001b[31m                <option value=\\\"1\\\">Test Room</option>·················\u001b[39m\n\u001b[31m            </select>·\u001b[39m\n\u001b[31m          </div>·\u001b[39m\n\u001b[31m          <div class=\\\"mb-3\\\">·\u001b[39m\n\u001b[31m            <label class=\\\"form-label\\\">Item name</label>·\u001b[39m\n\u001b[31m            <input class=\\\"form-control\\\" name=\\\"name\\\" placeholder=\\\"e.g. Room setup\\\" required>·\u001b[39m\n\u001b[31m          </div>·\u001b[39m\n\u001b[31m          <div class=\\\"row g-2\\\">·\u001b[39m\n\u001b[31m            <div class=\\\"col-4\\\">·\u001b[39m\n\u001b[31m              <label class=\\\"form-label\\\">Qty</label>·\u001b[39m\n\u001b[31m              <input type=\\\"number\\\" class=\\\"form-control\\\" name=\\\"qty\\\" min=\\\"1\\\" step=\\\"1\\\" value=\\\"1\\\" required>·\u001b[39m\n\u001b[31m            </div>·\u001b[39m\n\u001b[31m            <div class=\\\"col-4\\\">·\u001b[39m\n\u001b[31m              <label class=\\\"form-label\\\">Unit price</label>·\u001b[39m\n\u001b[31m              <input type=\\\"number\\\" class=\\\"form-control\\\" name=\\\"unit_price\\\" min=\\\"0\\\" step=\\\"0.01\\\" required>·\u001b[39m\n\u001b[31m            </div>·\u001b[39m\n\u001b[31m            <div class=\\\"col-4\\\">·\u001b[39m\n\u001b[31m              <label class=\\\"form-label\\\">Cost each</label>·\u001b[39m\n\u001b[31m              <input type=\\\"number\\\" class=\\\"form-control\\\" name=\\\"cost_each\\\" min=\\\"0\\\" step=\\\"0.01\\\">·\u001b[39m\n\u001b[31m            </div>·\u001b[39m\n\u001b[31m          </div>·\u001b[39m\n\u001b[31m          <div class=\\\"form-check mt-3\\\">·\u001b[39m\n\u001b[31m            <input class=\\\"form-check-input\\\" type=\\\"checkbox\\\" value=\\\"true\\\" id=\\\"overviewQuickItemSelectable\\\" name=\\\"client_selectable\\\">·\u001b[39m\n\u001b[31m            <label class=\\\"form-check-label\\\" for=\\\"overviewQuickItemSelectable\\\">Client can select this item</label>·\u001b[39m\n\u001b[31m          </div>·\u001b[39m\n\u001b[31m        </div>·\u001b[39m\n\u001b[31m        <div class=\\\"modal-footer\\\">·\u001b[39m\n\u001b[31m          <button type=\\\"button\\\" class=\\\"btn btn-secondary\\\" data-bs-dismiss=\\\"modal\\\">Cancel</button>·\u001b[39m\n\u001b[31m          <button type=\\\"submit\\\" class=\\\"btn btn-primary\\\">Add item</button>·\u001b[39m\n\u001b[31m        </div>·\u001b[39m\n\u001b[31m      </form>·\u001b[39m\n\u001b[31m    </div>·\u001b[39m\n\u001b[31m  </div>·\u001b[39m\n\u001b[31m</div>···\u001b[39m\n\u001b[31m<!-- Quick Add Menu Modal -->·\u001b[39m\n\u001b[31m<div class=\\\"modal fade\\\" id=\\\"overviewQuickMenuModal\\\" tabindex=\\\"-1\\\" aria-labelledby=\\\"overviewQuickMenuModalLabel\\\" aria-hidden=\\\"true\\\">·\u001b[39m\n\u001b[31m  <div class=\\\"modal-dialog modal-dialog-centered\\\">·\u001b[39m\n\u001b[31m    <div class=\\\"modal-content\\\">·\u001b[39m\n\u001b[31m      <form id=\\\"overviewQuickMenuForm\\\">·\u001b[39m\n\u001b[31m        <div class=\\\"modal-header\\\">·\u001b[39m\n\u001b[31m          <h5 class=\\\"modal-title\\\" id=\\\"overviewQuickMenuModalLabel\\\">Add saved menu</h5>·\u001b[39m\n\u001b[31m          <button type=\\\"button\\\" class=\\\"btn-close\\\" data-bs-dismiss=\\\"modal\\\" aria-label=\\\"Close\\\"></button>·\u001b[39m\n\u001b[31m        </div>·\u001b[39m\n\u001b[31m        <div class=\\\"modal-body\\\">·\u001b[39m\n\u001b[31m          <div class=\\\"mb-3\\\">·\u001b[39m\n\u001b[31m            <label class=\\\"form-label\\\">Category</label>·\u001b[39m\n\u001b[31m            <select class=\\\"form-select\\\" id=\\\"overviewMenuCategorySelect\\\">·\u001b[39m\n\u001b[31m              <option value=\\\"\\\">Select category...</option>·················\u001b[39m\n\u001b[31m            </select>·\u001b[39m\n\u001b[31m          </div>·\u001b[39m\n\u001b[31m          <div class=\\\"mb-0\\\">·\u001b[39m\n\u001b[31m            <label class=\\\"form-label\\\">Menu</label>·\u001b[39m\n\u001b[31m            <select class=\\\"form-select\\\" id=\\\"overviewMenuSelect\\\" name=\\\"menu_id\\\" required disabled>·\u001b[39m\n\u001b[31m              <option value=\\\"\\\">Select menu...</option>·\u001b[39m\n\u001b[31m            </select>·\u001b[39m\n\u001b[31m          </div>·\u001b[39m\n\u001b[31m        </div>·\u001b[39m\n\u001b[31m        <div class=\\\"modal-footer\\\">·\u001b[39m\n\u001b[31m          <button type=\\\"button\\\" class=\\\"btn btn-secondary\\\" data-bs-dismiss=\\\"modal\\\">Cancel</button>·\u001b[39m\n\u001b[31m          <button type=\\\"submit\\\" class=\\\"btn btn-primary\\\" id=\\\"overviewAddMenuSubmit\\\" disabled>Add menu</button>·\u001b[39m\n\u001b[31m        </div>·\u001b[39m\n\u001b[31m      </form>·\u001b[39m\n\u001b[31m    </div>·\u001b[39m\n\u001b[31m  </div>·\u001b[39m\n\u001b[31m</div>···\u001b[39m\n\u001b[31m<!-- Shared Modals -->·\u001b[39m\n\u001b[31m<!-- ========================================================= -->·\u001b[39m\n\u001b[31m<!-- 🧱 FUNCTION MODALS & SLIDE PANELS (FINAL, SYNCED WITH JS) -->·\u001b[39m\n\u001b[31m<!-- Included once via layouts/function-shell.ejs               -->·\u001b[39m\n\u001b[31m<!-- ========================================================= -->···\u001b[39m\n\u001b[31m<!-- 🔹 Edit Contact Slide Panel -->·\u001b[39m\n\u001b[31m<div id=\\\"editContactPanel\\\" class=\\\"contact-panel contact-edit-panel hidden\\\">·\u001b[39m\n\u001b[31m  <div class=\\\"contact-edit-header\\\">·\u001b[39m\n\u001b[31m    <h3>Edit Contact</h3>·\u001b[39m\n\u001b[31m    <button id=\\\"closeEditPanel\\\" class=\\\"close\\\" title=\\\"Close\\\">&times;</button>·\u001b[39m\n\u001b[31m  </div>···\u001b[39m\n\u001b[31m  <form id=\\\"editContactForm\\\" class=\\\"panel-form\\\">·\u001b[39m\n\u001b[31m    <input type=\\\"hidden\\\" id=\\\"editContactId\\\" />·\u001b[39m\n\u001b[31m    <input type=\\\"hidden\\\" id=\\\"editContactFnId\\\" value=\\\"e7032da3-fef6-4f89-82fe-37734908100c\\\" />···\u001b[39m\n\u001b[31m    <label for=\\\"editContactName\\\">Name</label>·\u001b[39m\n\u001b[31m    <input type=\\\"text\\\" id=\\\"editContactName\\\" required />···\u001b[39m\n\u001b[31m    <label for=\\\"editContactEmail\\\">Email</label>·\u001b[39m\n\u001b[31m    <input type=\\\"email\\\" id=\\\"editContactEmail\\\" required />···\u001b[39m\n\u001b[31m    <label for=\\\"editContactPhone\\\">Phone</label>·\u001b[39m\n\u001b[31m    <input type=\\\"text\\\" id=\\\"editContactPhone\\\" />···\u001b[39m\n\u001b[31m    <label for=\\\"editContactCompany\\\">Company</label>·\u001b[39m\n\u001b[31m    <input type=\\\"text\\\" id=\\\"editContactCompany\\\" />···\u001b[39m\n\u001b[31m    <div class=\\\"panel-actions\\\">·\u001b[39m\n\u001b[31m      <button type=\\\"submit\\\" class=\\\"btn btn-primary\\\">💾 Save Changes</button>·\u001b[39m\n\u001b[31m      <button type=\\\"button\\\" id=\\\"cancelEdit\\\" class=\\\"btn ghost\\\">Cancel</button>·\u001b[39m\n\u001b[31m    </div>·\u001b[39m\n\u001b[31m  </form>·\u001b[39m\n\u001b[31m</div>···\u001b[39m\n\u001b[31m<!-- 🔹 Add / Link Contact Slide Panel -->·\u001b[39m\n\u001b[31m<div id=\\\"addContactPanel\\\" class=\\\"contact-panel contact-add-panel hidden\\\" data-fn-id=\\\"e7032da3-fef6-4f89-82fe-37734908100c\\\">·\u001b[39m\n\u001b[31m  <div class=\\\"contact-edit-header\\\">·\u001b[39m\n\u001b[31m    <h3>Add Contact</h3>·\u001b[39m\n\u001b[31m    <button id=\\\"closeAddPanel\\\" class=\\\"close\\\" title=\\\"Close\\\">&times;</button>·\u001b[39m\n\u001b[31m  </div>···\u001b[39m\n\u001b[31m  <div class=\\\"contact-panel-tabs\\\">·\u001b[39m\n\u001b[31m    <button id=\\\"tabNew\\\" class=\\\"tab-btn active\\\">New Contact</button>·\u001b[39m\n\u001b[31m    <button id=\\\"tabExisting\\\" class=\\\"tab-btn\\\">Link Existing</button>·\u001b[39m\n\u001b[31m  </div>···\u001b[39m\n\u001b[31m  <!-- 🆕 New Contact Form -->·\u001b[39m\n\u001b[31m  <form id=\\\"newContactForm\\\" class=\\\"panel-form\\\" data-fn-id=\\\"e7032da3-fef6-4f89-82fe-37734908100c\\\">·\u001b[39m\n\u001b[31m    <input type=\\\"hidden\\\" id=\\\"newContactFnId\\\" value=\\\"e7032da3-fef6-4f89-82fe-37734908100c\\\" />···\u001b[39m\n\u001b[31m    <label for=\\\"newName\\\">Name</label>·\u001b[39m\n\u001b[31m    <input type=\\\"text\\\" id=\\\"newName\\\" required />···\u001b[39m\n\u001b[31m    <label for=\\\"newEmail\\\">Email</label>·\u001b[39m\n\u001b[31m    <input type=\\\"email\\\" id=\\\"newEmail\\\" required />···\u001b[39m\n\u001b[31m    <label for=\\\"newPhone\\\">Phone</label>·\u001b[39m\n\u001b[31m    <input type=\\\"text\\\" id=\\\"newPhone\\\" />···\u001b[39m\n\u001b[31m    <label for=\\\"newCompany\\\">Company</label>·\u001b[39m\n\u001b[31m    <input type=\\\"text\\\" id=\\\"newCompany\\\" />···\u001b[39m\n\u001b[31m    <div class=\\\"panel-actions\\\">·\u001b[39m\n\u001b[31m      <button type=\\\"submit\\\" class=\\\"btn btn-primary\\\">💾 Save Contact</button>·\u001b[39m\n\u001b[31m    </div>·\u001b[39m\n\u001b[31m  </form>···\u001b[39m\n\u001b[31m  <!-- 🧩 Existing Contact Section -->·\u001b[39m\n\u001b[31m  <div id=\\\"existingContactSection\\\" class=\\\"hidden\\\" data-fn-id=\\\"e7032da3-fef6-4f89-82fe-37734908100c\\\">·\u001b[39m\n\u001b[31m    <input type=\\\"text\\\" id=\\\"searchContact\\\" placeholder=\\\"Search contacts...\\\" class=\\\"contact-search\\\" />·\u001b[39m\n\u001b[31m    <select id=\\\"existingSelect\\\" size=\\\"8\\\" class=\\\"contact-dropdown\\\"></select>·\u001b[39m\n\u001b[31m    <div class=\\\"panel-actions\\\">·\u001b[39m\n\u001b[31m      <button id=\\\"linkExisting\\\" class=\\\"btn btn-primary\\\" data-fn-id=\\\"e7032da3-fef6-4f89-82fe-37734908100c\\\">🔗 Link Selected</button>·\u001b[39m\n\u001b[31m    </div>·\u001b[39m\n\u001b[31m  </div>·\u001b[39m\n\u001b[31m</div>···\u001b[39m\n\u001b[31m<!-- 🔹 Time Input Modal -->·\u001b[39m\n\u001b[31m<div id=\\\"timeModalContainer\\\" class=\\\"time-modal-container hidden\\\" role=\\\"dialog\\\" aria-modal=\\\"true\\\">·\u001b[39m\n\u001b[31m  <div class=\\\"time-modal-box\\\">·\u001b[39m\n\u001b[31m    <div class=\\\"time-modal-header\\\">·\u001b[39m\n\u001b[31m      <h5 id=\\\"timeModalTitle\\\">Set Time</h5>·\u001b[39m\n\u001b[31m      <button type=\\\"button\\\" id=\\\"closeTimeModal\\\" class=\\\"time-modal-close\\\">×</button>·\u001b[39m\n\u001b[31m    </div>···\u001b[39m\n\u001b[31m    <div class=\\\"time-modal-body\\\">·\u001b[39m\n\u001b[31m      <input type=\\\"time\\\" id=\\\"timeInputField\\\" class=\\\"time-modal-input\\\" required />·\u001b[39m\n\u001b[31m    </div>···\u001b[39m\n\u001b[31m    <div class=\\\"time-modal-footer\\\">·\u001b[39m\n\u001b[31m      <button id=\\\"saveTimeBtn\\\" class=\\\"btn btn-primary\\\">Save</button>·\u001b[39m\n\u001b[31m      <button id=\\\"cancelTimeBtn\\\" class=\\\"btn ghost\\\">Cancel</button>·\u001b[39m\n\u001b[31m    </div>·\u001b[39m\n\u001b[31m  </div>·\u001b[39m\n\u001b[31m</div>···\u001b[39m\n\u001b[31m<!-- 👁️ View Contact Modal -->·\u001b[39m\n\u001b[31m<div id=\\\"viewContactModal\\\" class=\\\"contact-modal hidden\\\" role=\\\"dialog\\\" aria-modal=\\\"true\\\">·\u001b[39m\n\u001b[31m  <div class=\\\"contact-modal-content\\\">·\u001b[39m\n\u001b[31m    <button id=\\\"closeViewModal\\\" class=\\\"close\\\" title=\\\"Close\\\">&times;</button>·\u001b[39m\n\u001b[31m    <div id=\\\"contactModalBody\\\" class=\\\"contact-modal-body\\\">·\u001b[39m\n\u001b[31m      <p>Loading...</p>·\u001b[39m\n\u001b[31m    </div>·\u001b[39m\n\u001b[31m  </div>·\u001b[39m\n\u001b[31m</div>·\u001b[39m\n\u001b[31m<!-- 🧾 Add Payment Modal -->·\u001b[39m\n\u001b[31m<div class=\\\"modal fade\\\" id=\\\"addPaymentModal\\\" tabindex=\\\"-1\\\" aria-labelledby=\\\"addPaymentModalLabel\\\" aria-hidden=\\\"true\\\">\u001b[39m\n\u001b[31m  <div class=\\\"modal-dialog modal-dialog-centered\\\">\u001b[39m\n\u001b[31m    <div class=\\\"modal-content\\\">\u001b[39m\n\u001b[31m      <div class=\\\"modal-header\\\">\u001b[39m\n\u001b[31m        <h5 class=\\\"modal-title\\\" id=\\\"addPaymentModalLabel\\\">Add Payment</h5>\u001b[39m\n\u001b[31m        <button type=\\\"button\\\" class=\\\"btn-close\\\" data-bs-dismiss=\\\"modal\\\" aria-label=\\\"Close\\\"></button>\u001b[39m\n\u001b[31m      </div>\u001b[39m\n\u001b[31m      <form id=\\\"addPaymentForm\\\">\u001b[39m\n\u001b[31m        <div class=\\\"modal-body\\\">\u001b[39m\n\u001b[31m          <input type=\\\"hidden\\\" id=\\\"paymentProposalId\\\" value=\\\"e7032da3-fef6-4f89-82fe-37734908100c\\\">\u001b[39m\n\u001b[31m          <div class=\\\"mb-3\\\">\u001b[39m\n\u001b[31m            <label class=\\\"form-label\\\">Payment Type</label>\u001b[39m\n\u001b[31m            <select class=\\\"form-select\\\" id=\\\"paymentType\\\" required>\u001b[39m\n\u001b[31m              <option value=\\\"\\\">Select</option>·\u001b[39m\n\u001b[31m              <option value=\\\"Deposit\\\">Deposit</option>·\u001b[39m\n\u001b[31m              <option value=\\\"Full amount\\\">Full amount</option>·\u001b[39m\n\u001b[31m              <option value=\\\"Outstanding amount\\\">Outstanding amount</option>·\u001b[39m\n\u001b[31m              <option value=\\\"Bar tab\\\">Bar tab</option>·\u001b[39m\n\u001b[31m              <option value=\\\"Other\\\">Other</option>·\u001b[39m\n\u001b[31m            </select>·\u001b[39m\n\u001b[31m          </div>·\u001b[39m\n\u001b[31m          <div class=\\\"mb-3\\\">·\u001b[39m\n\u001b[31m            <label class=\\\"form-label\\\">Amount ($)</label>·\u001b[39m\n\u001b[31m            <input type=\\\"number\\\" step=\\\"0.01\\\" class=\\\"form-control\\\" id=\\\"paymentAmount\\\" required>·\u001b[39m\n\u001b[31m          </div>·\u001b[39m\n\u001b[31m          <div class=\\\"mb-3\\\">·\u001b[39m\n\u001b[31m            <label class=\\\"form-label\\\">Method</label>·\u001b[39m\n\u001b[31m            <select class=\\\"form-select\\\" id=\\\"paymentMethod\\\" required>·\u001b[39m\n\u001b[31m              <option value=\\\"\\\">Select</option>·\u001b[39m\n\u001b[31m              <option value=\\\"Cash\\\">Cash</option>·\u001b[39m\n\u001b[31m              <option value=\\\"EFTPOS\\\">EFTPOS</option>·\u001b[39m\n\u001b[31m              <option value=\\\"Bank Transfer\\\">Bank Transfer</option>·\u001b[39m\n\u001b[31m              <option value=\\\"Credit Card\\\">Credit Card</option>·\u001b[39m\n\u001b[31m            </select>·\u001b[39m\n\u001b[31m          </div>·\u001b[39m\n\u001b[31m          <div class=\\\"mb-3\\\">·\u001b[39m\n\u001b[31m            <label class=\\\"form-label\\\">Status</label>·\u001b[39m\n\u001b[31m            <select class=\\\"form-select\\\" id=\\\"paymentStatus\\\" required>·\u001b[39m\n\u001b[31m              <option value=\\\"completed\\\">Completed</option>·\u001b[39m\n\u001b[31m              <option value=\\\"pending\\\">Pending</option>·\u001b[39m\n\u001b[31m            </select>·\u001b[39m\n\u001b[31m          </div>·\u001b[39m\n\u001b[31m        </div>·\u001b[39m\n\u001b[31m        <div class=\\\"modal-footer\\\">·\u001b[39m\n\u001b[31m          <button type=\\\"button\\\" class=\\\"btn btn-secondary\\\" data-bs-dismiss=\\\"modal\\\">Cancel</button>·\u001b[39m\n\u001b[31m          <button type=\\\"submit\\\" class=\\\"btn btn-primary\\\">Save Payment</button>·\u001b[39m\n\u001b[31m        </div>·\u001b[39m\n\u001b[31m      </form>·\u001b[39m\n\u001b[31m    </div>·\u001b[39m\n\u001b[31m  </div>·\u001b[39m\n\u001b[31m</div>·\u001b[39m\n\u001b[31m<!-- 📜 Create Proposal Modal -->·\u001b[39m\n\u001b[31m<div class=\\\"modal fade\\\" id=\\\"createProposalModal\\\" tabindex=\\\"-1\\\" aria-labelledby=\\\"createProposalModalLabel\\\" aria-hidden=\\\"true\\\">·\u001b[39m\n\u001b[31m  <div class=\\\"modal-dialog modal-dialog-centered\\\">·\u001b[39m\n\u001b[31m    <div class=\\\"modal-content\\\">·\u001b[39m\n\u001b[31m      <div class=\\\"modal-header\\\">·\u001b[39m\n\u001b[31m        <h5 class=\\\"modal-title\\\" id=\\\"createProposalModalLabel\\\">Create Proposal</h5>·\u001b[39m\n\u001b[31m        <button type=\\\"button\\\" class=\\\"btn-close\\\" data-bs-dismiss=\\\"modal\\\" aria-label=\\\"Close\\\"></button>·\u001b[39m\n\u001b[31m      </div>·\u001b[39m\n\u001b[31m      <form id=\\\"createProposalForm\\\">·\u001b[39m\n\u001b[31m        <div class=\\\"modal-body\\\">·\u001b[39m\n\u001b[31m          <input type=\\\"hidden\\\" id=\\\"proposalFunctionId\\\" value=\\\"e7032da3-fef6-4f89-82fe-37734908100c\\\">·\u001b[39m\n\u001b[31m          <div class=\\\"mb-3\\\">·\u001b[39m\n\u001b[31m            <label class=\\\"form-label\\\">Status</label>·\u001b[39m\n\u001b[31m            <select class=\\\"form-select\\\" id=\\\"proposalStatus\\\">·\u001b[39m\n\u001b[31m              <option value=\\\"draft\\\">Draft</option>·\u001b[39m\n\u001b[31m              <option value=\\\"sent\\\">Sent</option>·\u001b[39m\n\u001b[31m              <option value=\\\"approved\\\">Approved</option>·\u001b[39m\n\u001b[31m            </select>·\u001b[39m\n\u001b[31m          </div>·\u001b[39m\n\u001b[31m          <p class=\\\"text-muted small mb-0\\\">A new proposal will be linked to this function.</p>·\u001b[39m\n\u001b[31m        </div>·\u001b[39m\n\u001b[31m        <div class=\\\"modal-footer\\\">·\u001b[39m\n\u001b[31m          <button type=\\\"button\\\" class=\\\"btn btn-secondary\\\" data-bs-dismiss=\\\"modal\\\">Cancel</button>·\u001b[39m\n\u001b[31m          <button type=\\\"submit\\\" class=\\\"btn btn-success\\\">Create Proposal</button>·\u001b[39m\n\u001b[31m        </div>·\u001b[39m\n\u001b[31m      </form>·\u001b[39m\n\u001b[31m    </div>·\u001b[39m\n\u001b[31m  </div>·\u001b[39m\n\u001b[31m</div>···\u001b[39m\n\u001b[31m<!-- 🔹 Overlay for Slide Panels -->·\u001b[39m\n\u001b[31m<div id=\\\"contactOverlay\\\" class=\\\"contact-overlay hidden\\\" aria-hidden=\\\"true\\\"></div>·······\u001b[39m\n\u001b[31m<link rel=\\\"stylesheet\\\" href=\\\"/vendor/quill/quill.snow.css\\\">·\u001b[39m\n\u001b[31m<script src=\\\"/vendor/quill/quill.min.js\\\"></script>···\u001b[39m\n\u001b[31m<script>·\u001b[39m\n\u001b[31m  document.addEventListener('DOMContentLoaded', function () {·\u001b[39m\n\u001b[31m    var fnId = \\\"e7032da3-fef6-4f89-82fe-37734908100c\\\";·\u001b[39m\n\u001b[31m    var proposalId = \\\"\\\";·\u001b[39m\n\u001b[31m    var menusData = [];·\u001b[39m\n\u001b[31m    var modalEl = document.getElementById('quickNoteModal');·\u001b[39m\n\u001b[31m    var modalForm = document.getElementById('quickNoteModalForm');·\u001b[39m\n\u001b[31m    var typeField = document.getElementById('quickNoteType');·\u001b[39m\n\u001b[31m    var contentField = document.getElementById('quickNoteContent');·\u001b[39m\n\u001b[31m    var quickNoteEditorEl = document.getElementById('quickNoteEditor');·\u001b[39m\n\u001b[31m    var modalTitle = modalEl ? modalEl.querySelector('.quick-note-title') : null;·\u001b[39m\n\u001b[31m    var modal = modalEl && window.bootstrap && window.bootstrap.Modal·\u001b[39m\n\u001b[31m      ? new window.bootstrap.Modal(modalEl)·\u001b[39m\n\u001b[31m      : null;···\u001b[39m\n\u001b[31m    var quickPaymentModalEl = document.getElementById('quickPaymentModal');·\u001b[39m\n\u001b[31m    var quickPaymentForm = document.getElementById('quickPaymentForm');·\u001b[39m\n\u001b[31m    var quickPaymentModal = quickPaymentModalEl && window.bootstrap && window.bootstrap.Modal·\u001b[39m\n\u001b[31m      ? new window.bootstrap.Modal(quickPaymentModalEl)·\u001b[39m\n\u001b[31m      : null;···\u001b[39m\n\u001b[31m    var quickItemForm = document.getElementById('overviewQuickItemForm');·\u001b[39m\n\u001b[31m    var quickItemCategory = document.getElementById('overviewQuickItemCategory');·\u001b[39m\n\u001b[31m    var quickItemRoomWrap = document.getElementById('overviewQuickItemRoomWrap');·\u001b[39m\n\u001b[31m    var quickMenuForm = document.getElementById('overviewQuickMenuForm');·\u001b[39m\n\u001b[31m    var menuCategorySelect = document.getElementById('overviewMenuCategorySelect');·\u001b[39m\n\u001b[31m    var menuSelect = document.getElementById('overviewMenuSelect');·\u001b[39m\n\u001b[31m    var addMenuSubmit = document.getElementById('overviewAddMenuSubmit');···\u001b[39m\n\u001b[31m    async function updateOverviewField(el) {·\u001b[39m\n\u001b[31m      const field = el.dataset.field;·\u001b[39m\n\u001b[31m      if (!field) return;·\u001b[39m\n\u001b[31m      const value = el.value == null ? '' : String(el.value).trim();·\u001b[39m\n\u001b[31m      if ((el.dataset.lastValue ?? '') === value) return;·\u001b[39m\n\u001b[31m      const previous = el.dataset.lastValue ?? '';·\u001b[39m\n\u001b[31m      el.dataset.lastValue = value;·\u001b[39m\n\u001b[31m      try {·\u001b[39m\n\u001b[31m        const res = await fetch(`/functions/${fnId}/update-field`, {·\u001b[39m\n\u001b[31m          method: 'POST',·\u001b[39m\n\u001b[31m          headers: { 'Content-Type': 'application/json' },·\u001b[39m\n\u001b[31m          body: JSON.stringify({ field, value }),·\u001b[39m\n\u001b[31m        });·\u001b[39m\n\u001b[31m        const data = await res.json();·\u001b[39m\n\u001b[31m        if (!data.success) throw new Error(data.error || 'Failed to save field');·\u001b[39m\n\u001b[31m      } catch (err) {·\u001b[39m\n\u001b[31m        console.error(err);·\u001b[39m\n\u001b[31m        el.dataset.lastValue = previous;·\u001b[39m\n\u001b[31m        alert(err.message || 'Failed to save field');·\u001b[39m\n\u001b[31m      }·\u001b[39m\n\u001b[31m    }···\u001b[39m\n\u001b[31m    document.querySelectorAll('.overview-inline-edit').forEach(function(el) {·\u001b[39m\n\u001b[31m      el.dataset.lastValue = String(el.value ?? '').trim();·\u001b[39m\n\u001b[31m      const eventName = (el.tagName === 'SELECT' || el.type === 'date' || el.type === 'time' || el.type === 'number') ? 'change' : 'blur';·\u001b[39m\n\u001b[31m      el.addEventListener(eventName, function() { updateOverviewField(el); });·\u001b[39m\n\u001b[31m      if (eventName !== 'blur') {·\u001b[39m\n\u001b[31m        el.addEventListener('blur', function() { updateOverviewField(el); });·\u001b[39m\n\u001b[31m      }·\u001b[39m\n\u001b[31m    });···\u001b[39m\n\u001b[31m    var quickNoteQuill = null;·\u001b[39m\n\u001b[31m    function ensureQuickNoteQuill() {·\u001b[39m\n\u001b[31m      if (quickNoteQuill) return quickNoteQuill;·\u001b[39m\n\u001b[31m      if (!quickNoteEditorEl || !window.Quill) return null;·\u001b[39m\n\u001b[31m      quickNoteQuill = new window.Quill('#quickNoteEditor', {·\u001b[39m\n\u001b[31m        theme: 'snow',·\u001b[39m\n\u001b[31m        modules: {·\u001b[39m\n\u001b[31m          toolbar: [·\u001b[39m\n\u001b[31m            ['bold', 'italic', 'underline'],·\u001b[39m\n\u001b[31m            [{ list: 'ordered' }, { list: 'bullet' }],·\u001b[39m\n\u001b[31m            ['link'],·\u001b[39m\n\u001b[31m            ['clean']·\u001b[39m\n\u001b[31m          ]·\u001b[39m\n\u001b[31m        }·\u001b[39m\n\u001b[31m      });·\u001b[39m\n\u001b[31m      if (quickNoteQuill && quickNoteQuill.root) {·\u001b[39m\n\u001b[31m        quickNoteQuill.root.style.minHeight = '130px';·\u001b[39m\n\u001b[31m      }·\u001b[39m\n\u001b[31m      return quickNoteQuill;·\u001b[39m\n\u001b[31m    }···\u001b[39m\n\u001b[31m    function openQuickModal(type) {·\u001b[39m\n\u001b[31m      if (!modalEl) {·\u001b[39m\n\u001b[31m        window.location.href = `/functions/${fnId}/notes`;·\u001b[39m\n\u001b[31m        return;·\u001b[39m\n\u001b[31m      }·\u001b[39m\n\u001b[31m      if (typeField) {·\u001b[39m\n\u001b[31m        typeField.value = type || 'proposal';·\u001b[39m\n\u001b[31m      }·\u001b[39m\n\u001b[31m      if (modalTitle) {·\u001b[39m\n\u001b[31m        modalTitle.textContent = type === 'call' ? 'Log call' : 'Add note';·\u001b[39m\n\u001b[31m      }·\u001b[39m\n\u001b[31m      var noteEditor = ensureQuickNoteQuill();·\u001b[39m\n\u001b[31m      if (noteEditor) {·\u001b[39m\n\u001b[31m        noteEditor.setText('');·\u001b[39m\n\u001b[31m      } else if (contentField) {·\u001b[39m\n\u001b[31m        contentField.value = \\\"\\\";·\u001b[39m\n\u001b[31m      }·\u001b[39m\n\u001b[31m      if (modal) {·\u001b[39m\n\u001b[31m        modal.show();·\u001b[39m\n\u001b[31m      } else {·\u001b[39m\n\u001b[31m        window.location.href = `/functions/${fnId}/notes`;·\u001b[39m\n\u001b[31m      }·\u001b[39m\n\u001b[31m    }···\u001b[39m\n\u001b[31m    var noteButtons = document.querySelectorAll('[data-action=\\\"add-note\\\"]');·\u001b[39m\n\u001b[31m    Array.prototype.forEach.call(noteButtons, function (btn) {·\u001b[39m\n\u001b[31m      btn.addEventListener('click', function () { openQuickModal('proposal'); });·\u001b[39m\n\u001b[31m    });···\u001b[39m\n\u001b[31m    var callButtons = document.querySelectorAll('[data-action=\\\"log-call\\\"]');·\u001b[39m\n\u001b[31m    Array.prototype.forEach.call(callButtons, function (btn) {·\u001b[39m\n\u001b[31m      btn.addEventListener('click', function () { openQuickModal('call'); });·\u001b[39m\n\u001b[31m    });···\u001b[39m\n\u001b[31m    if (modalForm) modalForm.addEventListener('submit', async function (event) {·\u001b[39m\n\u001b[31m      event.preventDefault();·\u001b[39m\n\u001b[31m      const noteEditor = ensureQuickNoteQuill();·\u001b[39m\n\u001b[31m      const renderedHtml = noteEditor ? noteEditor.root.innerHTML.trim() : '';·\u001b[39m\n\u001b[31m      const content = noteEditor·\u001b[39m\n\u001b[31m        ? noteEditor.getText().trim()·\u001b[39m\n\u001b[31m        : (contentField ? contentField.value.trim() : '');·\u001b[39m\n\u001b[31m      const note_type = typeField ? typeField.value : 'proposal';·\u001b[39m\n\u001b[31m      if (!content) {·\u001b[39m\n\u001b[31m        alert('Please enter note details.');·\u001b[39m\n\u001b[31m        return;·\u001b[39m\n\u001b[31m      }·\u001b[39m\n\u001b[31m      try {·\u001b[39m\n\u001b[31m        const res = await fetch(`/functions/${fnId}/notes/new`, {·\u001b[39m\n\u001b[31m          method: 'POST',·\u001b[39m\n\u001b[31m          headers: { 'Content-Type': 'application/json' },·\u001b[39m\n\u001b[31m          body: JSON.stringify({·\u001b[39m\n\u001b[31m            content,·\u001b[39m\n\u001b[31m            rendered_html: renderedHtml || null,·\u001b[39m\n\u001b[31m            note_type,·\u001b[39m\n\u001b[31m          }),·\u001b[39m\n\u001b[31m        });·\u001b[39m\n\u001b[31m        const data = await res.json();·\u001b[39m\n\u001b[31m        if (!data.success) {·\u001b[39m\n\u001b[31m          throw new Error(data.message || 'Unable to save note');·\u001b[39m\n\u001b[31m        }·\u001b[39m\n\u001b[31m        if (modal) modal.hide();·\u001b[39m\n\u001b[31m        window.location.reload();·\u001b[39m\n\u001b[31m      } catch (err) {·\u001b[39m\n\u001b[31m        console.error(err);·\u001b[39m\n\u001b[31m        alert(err.message || 'Failed to save note');·\u001b[39m\n\u001b[31m      }·\u001b[39m\n\u001b[31m    });···\u001b[39m\n\u001b[31m    if (quickPaymentForm) {·\u001b[39m\n\u001b[31m      quickPaymentForm.addEventListener('submit', async function (event) {·\u001b[39m\n\u001b[31m        event.preventDefault();·\u001b[39m\n\u001b[31m        if (!proposalId) {·\u001b[39m\n\u001b[31m          alert('No active proposal found. Open quote to create one first.');·\u001b[39m\n\u001b[31m          if (quickPaymentModal) quickPaymentModal.hide();·\u001b[39m\n\u001b[31m          return;·\u001b[39m\n\u001b[31m        }·\u001b[39m\n\u001b[31m        const formData = new FormData(quickPaymentForm);·\u001b[39m\n\u001b[31m        const payload = Object.fromEntries(formData.entries());·\u001b[39m\n\u001b[31m        try {·\u001b[39m\n\u001b[31m          const res = await fetch(`/functions/${proposalId}/payments`, {·\u001b[39m\n\u001b[31m            method: 'POST',·\u001b[39m\n\u001b[31m            headers: { 'Content-Type': 'application/json' },·\u001b[39m\n\u001b[31m            body: JSON.stringify(payload),·\u001b[39m\n\u001b[31m          });·\u001b[39m\n\u001b[31m          const data = await res.json();·\u001b[39m\n\u001b[31m          if (!data.success) {·\u001b[39m\n\u001b[31m            throw new Error(data.error || 'Unable to save payment');·\u001b[39m\n\u001b[31m          }·\u001b[39m\n\u001b[31m          if (quickPaymentModal) quickPaymentModal.hide();·\u001b[39m\n\u001b[31m          window.location.reload();·\u001b[39m\n\u001b[31m        } catch (err) {·\u001b[39m\n\u001b[31m          console.error(err);·\u001b[39m\n\u001b[31m          alert(err.message || 'Failed to save payment');·\u001b[39m\n\u001b[31m        }·\u001b[39m\n\u001b[31m      });·\u001b[39m\n\u001b[31m    }···\u001b[39m\n\u001b[31m    if (quickItemCategory && quickItemRoomWrap) {·\u001b[39m\n\u001b[31m      const syncQuickItemRoom = function() {·\u001b[39m\n\u001b[31m        const isRoom = String(quickItemCategory.value || '').toLowerCase() === 'room' || String(quickItemCategory.value || '').toLowerCase() === 'room charge';·\u001b[39m\n\u001b[31m        quickItemRoomWrap.classList.toggle('d-none', !isRoom);·\u001b[39m\n\u001b[31m      };·\u001b[39m\n\u001b[31m      quickItemCategory.addEventListener('change', syncQuickItemRoom);·\u001b[39m\n\u001b[31m      syncQuickItemRoom();·\u001b[39m\n\u001b[31m    }···\u001b[39m\n\u001b[31m    if (quickItemForm) {·\u001b[39m\n\u001b[31m      quickItemForm.addEventListener('submit', async function(event) {·\u001b[39m\n\u001b[31m        event.preventDefault();·\u001b[39m\n\u001b[31m        const payload = Object.fromEntries(new FormData(quickItemForm).entries());·\u001b[39m\n\u001b[31m        try {·\u001b[39m\n\u001b[31m          const res = await fetch(`/functions/${fnId}/quote/add-item`, {·\u001b[39m\n\u001b[31m            method: 'POST',·\u001b[39m\n\u001b[31m            headers: { 'Content-Type': 'application/json' },·\u001b[39m\n\u001b[31m            body: JSON.stringify(payload),·\u001b[39m\n\u001b[31m          });·\u001b[39m\n\u001b[31m          const data = await res.json();·\u001b[39m\n\u001b[31m          if (!data.success) throw new Error(data.error || 'Failed to add item');·\u001b[39m\n\u001b[31m          window.location.reload();·\u001b[39m\n\u001b[31m        } catch (err) {·\u001b[39m\n\u001b[31m          console.error(err);·\u001b[39m\n\u001b[31m          alert(err.message || 'Failed to add item');·\u001b[39m\n\u001b[31m        }·\u001b[39m\n\u001b[31m      });·\u001b[39m\n\u001b[31m    }···\u001b[39m\n\u001b[31m    function populateMenusByCategory() {·\u001b[39m\n\u001b[31m      if (!menuCategorySelect || !menuSelect) return;·\u001b[39m\n\u001b[31m      const categoryId = Number(menuCategorySelect.value);·\u001b[39m\n\u001b[31m      menuSelect.innerHTML = '<option value=\\\"\\\">Select menu...</option>';·\u001b[39m\n\u001b[31m      if (!categoryId) {·\u001b[39m\n\u001b[31m        menuSelect.disabled = true;·\u001b[39m\n\u001b[31m        if (addMenuSubmit) addMenuSubmit.disabled = true;·\u001b[39m\n\u001b[31m        return;·\u001b[39m\n\u001b[31m      }·\u001b[39m\n\u001b[31m      const filtered = menusData.filter(function(m) { return Number(m.category_id) === categoryId; });·\u001b[39m\n\u001b[31m      filtered.forEach(function(m) {·\u001b[39m\n\u001b[31m        const opt = document.createElement('option');·\u001b[39m\n\u001b[31m        opt.value = m.id;·\u001b[39m\n\u001b[31m        opt.textContent = m.name + (m.description ? (' - ' + m.description) : '');·\u001b[39m\n\u001b[31m        menuSelect.appendChild(opt);·\u001b[39m\n\u001b[31m      });·\u001b[39m\n\u001b[31m      menuSelect.disabled = filtered.length === 0;·\u001b[39m\n\u001b[31m      if (addMenuSubmit) addMenuSubmit.disabled = filtered.length === 0;·\u001b[39m\n\u001b[31m    }···\u001b[39m\n\u001b[31m    menuCategorySelect?.addEventListener('change', populateMenusByCategory);·\u001b[39m\n\u001b[31m    menuSelect?.addEventListener('change', function() {·\u001b[39m\n\u001b[31m      if (addMenuSubmit) addMenuSubmit.disabled = !menuSelect.value;·\u001b[39m\n\u001b[31m    });···\u001b[39m\n\u001b[31m    if (quickMenuForm) {·\u001b[39m\n\u001b[31m      quickMenuForm.addEventListener('submit', async function(event) {·\u001b[39m\n\u001b[31m        event.preventDefault();·\u001b[39m\n\u001b[31m        const menuId = menuSelect ? menuSelect.value : '';·\u001b[39m\n\u001b[31m        if (!menuId) return;·\u001b[39m\n\u001b[31m        try {·\u001b[39m\n\u001b[31m          const res = await fetch(`/functions/${fnId}/quote/add-menu`, {·\u001b[39m\n\u001b[31m            method: 'POST',·\u001b[39m\n\u001b[31m            headers: { 'Content-Type': 'application/json' },·\u001b[39m\n\u001b[31m            body: JSON.stringify({ menu_id: menuId }),·\u001b[39m\n\u001b[31m          });·\u001b[39m\n\u001b[31m          const data = await res.json();·\u001b[39m\n\u001b[31m          if (!data.success) throw new Error(data.error || 'Failed to add menu');·\u001b[39m\n\u001b[31m          window.location.reload();·\u001b[39m\n\u001b[31m        } catch (err) {·\u001b[39m\n\u001b[31m          console.error(err);·\u001b[39m\n\u001b[31m          alert(err.message || 'Failed to add menu');·\u001b[39m\n\u001b[31m        }·\u001b[39m\n\u001b[31m      });·\u001b[39m\n\u001b[31m    }···\u001b[39m\n\u001b[31m    var runSheetForm = document.getElementById('runSheetForm');·\u001b[39m\n\u001b[31m    var runSheetPreviewBtn = document.getElementById('runSheetPreviewBtn');·\u001b[39m\n\u001b[31m    if (runSheetPreviewBtn) {·\u001b[39m\n\u001b[31m      runSheetPreviewBtn.addEventListener('click', function () {·\u001b[39m\n\u001b[31m        if (!runSheetForm) {·\u001b[39m\n\u001b[31m          window.open(`/functions/${fnId}/run-sheet`, '_blank');·\u001b[39m\n\u001b[31m          return;·\u001b[39m\n\u001b[31m        }·\u001b[39m\n\u001b[31m        var formData = new FormData(runSheetForm);·\u001b[39m\n\u001b[31m        var noteIds = formData.getAll('notes').filter(Boolean);·\u001b[39m\n\u001b[31m        var menuIds = formData.getAll('menus').filter(Boolean);·\u001b[39m\n\u001b[31m        var includeCosts = formData.get('include_costs') === 'true';·\u001b[39m\n\u001b[31m        var params = new URLSearchParams();·\u001b[39m\n\u001b[31m        if (noteIds.length) {·\u001b[39m\n\u001b[31m          params.set('notes', noteIds.join(','));·\u001b[39m\n\u001b[31m        } else {·\u001b[39m\n\u001b[31m          params.set('notes', 'none');·\u001b[39m\n\u001b[31m        }·\u001b[39m\n\u001b[31m        if (menuIds.length) {·\u001b[39m\n\u001b[31m          params.set('menus', menuIds.join(','));·\u001b[39m\n\u001b[31m        } else {·\u001b[39m\n\u001b[31m          params.set('menus', 'none');·\u001b[39m\n\u001b[31m        }·\u001b[39m\n\u001b[31m        if (includeCosts) {·\u001b[39m\n\u001b[31m          params.set('costs', 'true');·\u001b[39m\n\u001b[31m        }·\u001b[39m\n\u001b[31m        var url = `/functions/${fnId}/run-sheet` + (params.toString() ? `?${params.toString()}` : '');·\u001b[39m\n\u001b[31m        window.open(url, '_blank');·\u001b[39m\n\u001b[31m      });·\u001b[39m\n\u001b[31m    }·\u001b[39m\n\u001b[31m  });·\u001b[39m\n\u001b[31m</script>···\u001b[39m\n\u001b[31m<script>·\u001b[39m\n\u001b[31m  window.fnContext = {·\u001b[39m\n\u001b[31m    id: \\\"e7032da3-fef6-4f89-82fe-37734908100c\\\",·\u001b[39m\n\u001b[31m    name: \\\"Simplified Overview Test\\\",·\u001b[39m\n\u001b[31m    status: \\\"confirmed\\\",·\u001b[39m\n\u001b[31m    eventDate: \\\"2026-07-05\\\",·\u001b[39m\n\u001b[31m    endDate: \\\"\\\",·\u001b[39m\n\u001b[31m    canManage: true·\u001b[39m\n\u001b[31m  };·\u001b[39m\n\u001b[31m</script>···\u001b[39m\n\u001b[31m<script>·\u001b[39m\n\u001b[31m  document.addEventListener('DOMContentLoaded', function () {·\u001b[39m\n\u001b[31m    var fnId = \\\"e7032da3-fef6-4f89-82fe-37734908100c\\\";·\u001b[39m\n\u001b[31m    var fnName = \\\"Simplified Overview Test\\\";·\u001b[39m\n\u001b[31m    var canManage = !(window.fnContext && window.fnContext.canManage === false);·\u001b[39m\n\u001b[31m    var archiveBtn = document.querySelector('[data-action=\\\"archive-function\\\"]');·\u001b[39m\n\u001b[31m    var deleteBtn = document.querySelector('[data-action=\\\"delete-function\\\"]');·\u001b[39m\n\u001b[31m    var menuItemsModalEl = document.getElementById('menuItemsModal');·\u001b[39m\n\u001b[31m    var menuItemsModalTitle = document.getElementById('menuItemsModalTitle');·\u001b[39m\n\u001b[31m    var menuItemsModalBody = document.getElementById('menuItemsModalBody');·\u001b[39m\n\u001b[31m    var MenuModalCtor = window.bootstrap && window.bootstrap.Modal ? window.bootstrap.Modal : null;·\u001b[39m\n\u001b[31m    var menuItemsModal = menuItemsModalEl && MenuModalCtor ? new MenuModalCtor(menuItemsModalEl) : null;···\u001b[39m\n\u001b[31m    function formatCurrency(value) {·\u001b[39m\n\u001b[31m      var num = Number(value);·\u001b[39m\n\u001b[31m      return isNaN(num) ? '$0.00' : '$' + num.toFixed(2);·\u001b[39m\n\u001b[31m    }···\u001b[39m\n\u001b[31m    function buildMenuItemsHtml(items) {·\u001b[39m\n\u001b[31m      items = items || [];·\u001b[39m\n\u001b[31m      if (!items.length) {·\u001b[39m\n\u001b[31m        return '<p class=\\\"text-muted mb-0\\\">No items recorded for this menu.</p>';·\u001b[39m\n\u001b[31m      }·\u001b[39m\n\u001b[31m      var rows = items·\u001b[39m\n\u001b[31m        .map(function (item) {·\u001b[39m\n\u001b[31m          var badge = item.excluded·\u001b[39m\n\u001b[31m            ? '<span class=\\\"badge bg-warning text-dark ms-2\\\">Excluded</span>'·\u001b[39m\n\u001b[31m            : '';·\u001b[39m\n\u001b[31m          var unitText = item.unit ? ' x ' + item.unit : '';·\u001b[39m\n\u001b[31m          var costLine =·\u001b[39m\n\u001b[31m            item.cost !== null && item.cost !== undefined·\u001b[39m\n\u001b[31m              ? '<small class=\\\"text-muted d-block\\\">Cost ' + formatCurrency(item.cost) + '</small>'·\u001b[39m\n\u001b[31m              : '';·\u001b[39m\n\u001b[31m          return '<div class=\\\"list-group-item d-flex justify-content-between align-items-start\\\">' +·\u001b[39m\n\u001b[31m            '<div>' +·\u001b[39m\n\u001b[31m            '<div class=\\\"fw-semibold\\\">' + (item.label || 'Item') + badge + '</div>' +·\u001b[39m\n\u001b[31m            '<small class=\\\"text-muted\\\">Qty ' + (item.qty || 1) + unitText + '</small>' +·\u001b[39m\n\u001b[31m            '</div>' +·\u001b[39m\n\u001b[31m            '<div class=\\\"text-end\\\">' +·\u001b[39m\n\u001b[31m            '<div>' + formatCurrency(item.price) + '</div>' +·\u001b[39m\n\u001b[31m            costLine +·\u001b[39m\n\u001b[31m            '</div>' +·\u001b[39m\n\u001b[31m            '</div>';·\u001b[39m\n\u001b[31m        })·\u001b[39m\n\u001b[31m        .join('');·\u001b[39m\n\u001b[31m      return '<div class=\\\"list-group\\\">' + rows + '</div>';·\u001b[39m\n\u001b[31m    }···\u001b[39m\n\u001b[31m    function goToQuote(menuId, mode) {·\u001b[39m\n\u001b[31m      if (!fnId || !menuId) return;·\u001b[39m\n\u001b[31m      var params = new URLSearchParams();·\u001b[39m\n\u001b[31m      params.set(\\\"menu\\\", menuId);·\u001b[39m\n\u001b[31m      if (mode) params.set(\\\"mode\\\", mode);·\u001b[39m\n\u001b[31m      window.location.href = \\\"/functions/\\\" + fnId + \\\"/quote?\\\" + params.toString();·\u001b[39m\n\u001b[31m    }···\u001b[39m\n\u001b[31m    var viewButtons = document.querySelectorAll('[data-action=\\\"view-menu\\\"]');·\u001b[39m\n\u001b[31m    Array.prototype.forEach.call(viewButtons, function (btn) {·\u001b[39m\n\u001b[31m      btn.addEventListener('click', function () {·\u001b[39m\n\u001b[31m        var row = btn.closest('.menu-row');·\u001b[39m\n\u001b[31m        if (!row) return;·\u001b[39m\n\u001b[31m        var items = [];·\u001b[39m\n\u001b[31m        try {·\u001b[39m\n\u001b[31m          items = JSON.parse(row.dataset.menuItems || \\\"[]\\\");·\u001b[39m\n\u001b[31m        } catch (err) {·\u001b[39m\n\u001b[31m          console.warn(\\\"Failed to parse menu items\\\", err);·\u001b[39m\n\u001b[31m        }·\u001b[39m\n\u001b[31m        var titleEl = row.querySelector('.menu-row__title');·\u001b[39m\n\u001b[31m        var title = titleEl ? titleEl.textContent.trim() : 'Menu items';·\u001b[39m\n\u001b[31m        if (menuItemsModalTitle) menuItemsModalTitle.textContent = title;·\u001b[39m\n\u001b[31m        if (menuItemsModalBody) menuItemsModalBody.innerHTML = buildMenuItemsHtml(items);·\u001b[39m\n\u001b[31m        if (menuItemsModal) {·\u001b[39m\n\u001b[31m          menuItemsModal.show();·\u001b[39m\n\u001b[31m        } else {·\u001b[39m\n\u001b[31m          alert(title + \\\"\\\\n\\\\n\\\" + (items·\u001b[39m\n\u001b[31m            .map(function (item) { return (item.label || 'Item') + ' · Qty ' + (item.qty || 1) + ' · ' + formatCurr
[...]
1b[31m            .join('\\\\n') || 'No items recorded.'));·\u001b[39m\n    \u001b[31m        }·\u001b[39m\n    \u001b[31m      });·\u001b[39m\n    \u001b[31m    });···\u001b[39m\n    \u001b[31m    var editButtons = document.querySelectorAll('[data-action=\\\"edit-menu\\\"]');·\u001b[39m\n    \u001b[31m    Array.prototype.forEach.call(editButtons, function (btn) {·\u001b[39m\n    \u001b[31m      btn.addEventListener('click', function () {·\u001b[39m\n    \u001b[31m        var menuId = btn.dataset.menuId;·\u001b[39m\n    \u001b[31m        goToQuote(menuId, \\\"edit\\\");·\u001b[39m\n    \u001b[31m      });·\u001b[39m\n    \u001b[31m    });···\u001b[39m\n    \u001b[31m    async function handleRequest(url, options, successMessage) {·\u001b[39m\n    \u001b[31m      try {·\u001b[39m\n    \u001b[31m        const res = await fetch(url, options);·\u001b[39m\n    \u001b[31m        const payload = await res.json();·\u001b[39m\n    \u001b[31m        if (!payload.success) throw new Error(payload.error || 'Action failed');·\u001b[39m\n    \u001b[31m        if (successMessage) {·\u001b[39m\n    \u001b[31m          alert(successMessage);·\u001b[39m\n    \u001b[31m        }·\u001b[39m\n    \u001b[31m        window.location.href = '/functions';·\u001b[39m\n    \u001b[31m      } catch (err) {·\u001b[39m\n    \u001b[31m        console.error(err);·\u001b[39m\n    \u001b[31m        alert(err.message || 'Something went wrong');·\u001b[39m\n    \u001b[31m      }·\u001b[39m\n    \u001b[31m    }···\u001b[39m\n    \u001b[31m    if (archiveBtn) archiveBtn.addEventListener('click', function () {·\u001b[39m\n    \u001b[31m      if (!fnId) return;·\u001b[39m\n    \u001b[31m      if (!confirm('Archive this function? You can restore it later by editing the status.')) return;·\u001b[39m\n    \u001b[31m      handleRequest(`/functions/${fnId}/archive`, { method: 'POST', headers: { 'Content-Type': 'application/json' } }, 'Function archived.');·\u001b[39m\n    \u001b[31m    });···\u001b[39m\n    \u001b[31m    if (deleteBtn) deleteBtn.addEventListener('click', function () {·\u001b[39m\n    \u001b[31m      if (!fnId) return;·\u001b[39m\n    \u001b[31m      const confirmText = prompt(`Type the function name (${fnName || 'function'}) to permanently delete it:`);·\u001b[39m\n    \u001b[31m      if ((confirmText || '').trim() !== (fnName || '').trim()) {·\u001b[39m\n    \u001b[31m        alert('Name did not match. Deletion cancelled.');·\u001b[39m\n    \u001b[31m        return;·\u001b[39m\n    \u001b[31m      }·\u001b[39m\n    \u001b[31m      if (!confirm('This will permanently delete the function and related data. Continue?')) return;·\u001b[39m\n    \u001b[31m      handleRequest(`/functions/${fnId}`, { method: 'DELETE', headers: { 'Content-Type': 'application/json' } }, 'Function deleted.');·\u001b[39m\n    \u001b[31m    });·\u001b[39m\n    \u001b[31m  });·\u001b[39m\n    \u001b[31m</script>·····\u001b[39m\n    \u001b[31m    </div>·\u001b[39m\n    \u001b[31m  </section>·\u001b[39m\n    \u001b[31m</main>···\u001b[39m\n    \u001b[31m<!-- 🧱 GLOBAL FUNCTION MODALS & PANELS -->·\u001b[39m\n    \u001b[31m<!-- ========================================================= -->·\u001b[39m\n    \u001b[31m<!-- 🧱 FUNCTION MODALS & SLIDE PANELS (FINAL, SYNCED WITH JS) -->·\u001b[39m\n    \u001b[31m<!-- Included once via layouts/function-shell.ejs               -->·\u001b[39m\n    \u001b[31m<!-- ========================================================= -->···\u001b[39m\n    \u001b[31m<!-- 🔹 Edit Contact Slide Panel -->·\u001b[39m\n    \u001b[31m<div id=\\\"editContactPanel\\\" class=\\\"contact-panel contact-edit-panel hidden\\\">·\u001b[39m\n    \u001b[31m  <div class=\\\"contact-edit-header\\\">·\u001b[39m\n    \u001b[31m    <h3>Edit Contact</h3>·\u001b[39m\n    \u001b[31m    <button id=\\\"closeEditPanel\\\" class=\\\"close\\\" title=\\\"Close\\\">&times;</button>·\u001b[39m\n    \u001b[31m  </div>···\u001b[39m\n    \u001b[31m  <form id=\\\"editContactForm\\\" class=\\\"panel-form\\\">·\u001b[39m\n    \u001b[31m    <input type=\\\"hidden\\\" id=\\\"editContactId\\\" />·\u001b[39m\n    \u001b[31m    <input type=\\\"hidden\\\" id=\\\"editContactFnId\\\" value=\\\"e7032da3-fef6-4f89-82fe-37734908100c\\\" />···\u001b[39m\n    \u001b[31m    <label for=\\\"editContactName\\\">Name</label>·\u001b[39m\n    \u001b[31m    <input type=\\\"text\\\" id=\\\"editContactName\\\" required />···\u001b[39m\n    \u001b[31m    <label for=\\\"editContactEmail\\\">Email</label>·\u001b[39m\n    \u001b[31m    <input type=\\\"email\\\" id=\\\"editContactEmail\\\" required />···\u001b[39m\n    \u001b[31m    <label for=\\\"editContactPhone\\\">Phone</label>·\u001b[39m\n    \u001b[31m    <input type=\\\"text\\\" id=\\\"editContactPhone\\\" />···\u001b[39m\n    \u001b[31m    <label for=\\\"editContactCompany\\\">Company</label>·\u001b[39m\n    \u001b[31m    <input type=\\\"text\\\" id=\\\"editContactCompany\\\" />···\u001b[39m\n    \u001b[31m    <div class=\\\"panel-actions\\\">·\u001b[39m\n    \u001b[31m      <button type=\\\"submit\\\" class=\\\"btn btn-primary\\\">💾 Save Changes</button>·\u001b[39m\n    \u001b[31m      <button type=\\\"button\\\" id=\\\"cancelEdit\\\" class=\\\"btn ghost\\\">Cancel</button>·\u001b[39m\n    \u001b[31m    </div>·\u001b[39m\n    \u001b[31m  </form>·\u001b[39m\n    \u001b[31m</div>···\u001b[39m\n    \u001b[31m<!-- 🔹 Add / Link Contact Slide Panel -->·\u001b[39m\n    \u001b[31m<div id=\\\"addContactPanel\\\" class=\\\"contact-panel contact-add-panel hidden\\\" data-fn-id=\\\"e7032da3-fef6-4f89-82fe-37734908100c\\\">·\u001b[39m\n    \u001b[31m  <div class=\\\"contact-edit-header\\\">·\u001b[39m\n    \u001b[31m    <h3>Add Contact</h3>·\u001b[39m\n    \u001b[31m    <button id=\\\"closeAddPanel\\\" class=\\\"close\\\" title=\\\"Close\\\">&times;</button>·\u001b[39m\n    \u001b[31m  </div>···\u001b[39m\n    \u001b[31m  <div class=\\\"contact-panel-tabs\\\">·\u001b[39m\n    \u001b[31m    <button id=\\\"tabNew\\\" class=\\\"tab-btn active\\\">New Contact</button>·\u001b[39m\n    \u001b[31m    <button id=\\\"tabExisting\\\" class=\\\"tab-btn\\\">Link Existing</button>·\u001b[39m\n    \u001b[31m  </div>···\u001b[39m\n    \u001b[31m  <!-- 🆕 New Contact Form -->·\u001b[39m\n    \u001b[31m  <form id=\\\"newContactForm\\\" class=\\\"panel-form\\\" data-fn-id=\\\"e7032da3-fef6-4f89-82fe-37734908100c\\\">·\u001b[39m\n    \u001b[31m    <input type=\\\"hidden\\\" id=\\\"newContactFnId\\\" value=\\\"e7032da3-fef6-4f89-82fe-37734908100c\\\" />···\u001b[39m\n    \u001b[31m    <label for=\\\"newName\\\">Name</label>·\u001b[39m\n    \u001b[31m    <input type=\\\"text\\\" id=\\\"newName\\\" required />···\u001b[39m\n    \u001b[31m    <label for=\\\"newEmail\\\">Email</label>·\u001b[39m\n    \u001b[31m    <input type=\\\"email\\\" id=\\\"newEmail\\\" required />···\u001b[39m\n    \u001b[31m    <label for=\\\"newPhone\\\">Phone</label>·\u001b[39m\n    \u001b[31m    <input type=\\\"text\\\" id=\\\"newPhone\\\" />···\u001b[39m\n    \u001b[31m    <label for=\\\"newCompany\\\">Company</label>·\u001b[39m\n    \u001b[31m    <input type=\\\"text\\\" id=\\\"newCompany\\\" />···\u001b[39m\n    \u001b[31m    <div class=\\\"panel-actions\\\">·\u001b[39m\n    \u001b[31m      <button type=\\\"submit\\\" class=\\\"btn btn-primary\\\">💾 Save Contact</button>·\u001b[39m\n    \u001b[31m    </div>·\u001b[39m\n    \u001b[31m  </form>···\u001b[39m\n    \u001b[31m  <!-- 🧩 Existing Contact Section -->·\u001b[39m\n    \u001b[31m  <div id=\\\"existingContactSection\\\" class=\\\"hidden\\\" data-fn-id=\\\"e7032da3-fef6-4f89-82fe-37734908100c\\\">·\u001b[39m\n    \u001b[31m    <input type=\\\"text\\\" id=\\\"searchContact\\\" placeholder=\\\"Search contacts...\\\" class=\\\"contact-search\\\" />·\u001b[39m\n    \u001b[31m    <select id=\\\"existingSelect\\\" size=\\\"8\\\" class=\\\"contact-dropdown\\\"></select>·\u001b[39m\n    \u001b[31m    <div class=\\\"panel-actions\\\">·\u001b[39m\n    \u001b[31m      <button id=\\\"linkExisting\\\" class=\\\"btn btn-primary\\\" data-fn-id=\\\"e7032da3-fef6-4f89-82fe-37734908100c\\\">🔗 Link Selected</button>·\u001b[39m\n    \u001b[31m    </div>·\u001b[39m\n    \u001b[31m  </div>·\u001b[39m\n    \u001b[31m</div>···\u001b[39m\n    \u001b[31m<!-- 🔹 Time Input Modal -->·\u001b[39m\n    \u001b[31m<div id=\\\"timeModalContainer\\\" class=\\\"time-modal-container hidden\\\" role=\\\"dialog\\\" aria-modal=\\\"true\\\">·\u001b[39m\n    \u001b[31m  <div class=\\\"time-modal-box\\\">·\u001b[39m\n    \u001b[31m    <div class=\\\"time-modal-header\\\">·\u001b[39m\n    \u001b[31m      <h5 id=\\\"timeModalTitle\\\">Set Time</h5>·\u001b[39m\n    \u001b[31m      <button type=\\\"button\\\" id=\\\"closeTimeModal\\\" class=\\\"time-modal-close\\\">×</button>·\u001b[39m\n    \u001b[31m    </div>···\u001b[39m\n    \u001b[31m    <div class=\\\"time-modal-body\\\">·\u001b[39m\n    \u001b[31m      <input type=\\\"time\\\" id=\\\"timeInputField\\\" class=\\\"time-modal-input\\\" required />·\u001b[39m\n    \u001b[31m    </div>···\u001b[39m\n    \u001b[31m    <div class=\\\"time-modal-footer\\\">·\u001b[39m\n    \u001b[31m      <button id=\\\"saveTimeBtn\\\" class=\\\"btn btn-primary\\\">Save</button>·\u001b[39m\n    \u001b[31m      <button id=\\\"cancelTimeBtn\\\" class=\\\"btn ghost\\\">Cancel</button>·\u001b[39m\n    \u001b[31m    </div>·\u001b[39m\n    \u001b[31m  </div>·\u001b[39m\n    \u001b[31m</div>···\u001b[39m\n    \u001b[31m<!-- 👁️ View Contact Modal -->·\u001b[39m\n    \u001b[31m<div id=\\\"viewContactModal\\\" class=\\\"contact-modal hidden\\\" role=\\\"dialog\\\" aria-modal=\\\"true\\\">·\u001b[39m\n    \u001b[31m  <div class=\\\"contact-modal-content\\\">·\u001b[39m\n    \u001b[31m    <button id=\\\"closeViewModal\\\" class=\\\"close\\\" title=\\\"Close\\\">&times;</button>·\u001b[39m\n    \u001b[31m    <div id=\\\"contactModalBody\\\" class=\\\"contact-modal-body\\\">·\u001b[39m\n    \u001b[31m      <p>Loading...</p>·\u001b[39m\n    \u001b[31m    </div>·\u001b[39m\n    \u001b[31m  </div>·\u001b[39m\n    \u001b[31m</div>·\u001b[39m\n    \u001b[31m<!-- 🧾 Add Payment Modal -->·\u001b[39m\n    \u001b[31m<div class=\\\"modal fade\\\" id=\\\"addPaymentModal\\\" tabindex=\\\"-1\\\" aria-labelledby=\\\"addPaymentModalLabel\\\" aria-hidden=\\\"true\\\">\u001b[39m\n    \u001b[31m  <div class=\\\"modal-dialog modal-dialog-centered\\\">\u001b[39m\n    \u001b[31m    <div class=\\\"modal-content\\\">\u001b[39m\n    \u001b[31m      <div class=\\\"modal-header\\\">\u001b[39m\n    \u001b[31m        <h5 class=\\\"modal-title\\\" id=\\\"addPaymentModalLabel\\\">Add Payment</h5>\u001b[39m\n    \u001b[31m        <button type=\\\"button\\\" class=\\\"btn-close\\\" data-bs-dismiss=\\\"modal\\\" aria-label=\\\"Close\\\"></button>\u001b[39m\n    \u001b[31m      </div>\u001b[39m\n    \u001b[31m      <form id=\\\"addPaymentForm\\\">\u001b[39m\n    \u001b[31m        <div class=\\\"modal-body\\\">\u001b[39m\n    \u001b[31m          <input type=\\\"hidden\\\" id=\\\"paymentProposalId\\\" value=\\\"e7032da3-fef6-4f89-82fe-37734908100c\\\">\u001b[39m\n    \u001b[31m          <div class=\\\"mb-3\\\">\u001b[39m\n    \u001b[31m            <label class=\\\"form-label\\\">Payment Type</label>\u001b[39m\n    \u001b[31m            <select class=\\\"form-select\\\" id=\\\"paymentType\\\" required>\u001b[39m\n    \u001b[31m              <option value=\\\"\\\">Select</option>·\u001b[39m\n    \u001b[31m              <option value=\\\"Deposit\\\">Deposit</option>·\u001b[39m\n    \u001b[31m              <option value=\\\"Full amount\\\">Full amount</option>·\u001b[39m\n    \u001b[31m              <option value=\\\"Outstanding amount\\\">Outstanding amount</option>·\u001b[39m\n    \u001b[31m              <option value=\\\"Bar tab\\\">Bar tab</option>·\u001b[39m\n    \u001b[31m              <option value=\\\"Other\\\">Other</option>·\u001b[39m\n    \u001b[31m            </select>·\u001b[39m\n    \u001b[31m          </div>·\u001b[39m\n    \u001b[31m          <div class=\\\"mb-3\\\">·\u001b[39m\n    \u001b[31m            <label class=\\\"form-label\\\">Amount ($)</label>·\u001b[39m\n    \u001b[31m            <input type=\\\"number\\\" step=\\\"0.01\\\" class=\\\"form-control\\\" id=\\\"paymentAmount\\\" required>·\u001b[39m\n    \u001b[31m          </div>·\u001b[39m\n    \u001b[31m          <div class=\\\"mb-3\\\">·\u001b[39m\n    \u001b[31m            <label class=\\\"form-label\\\">Method</label>·\u001b[39m\n    \u001b[31m            <select class=\\\"form-select\\\" id=\\\"paymentMethod\\\" required>·\u001b[39m\n    \u001b[31m              <option value=\\\"\\\">Select</option>·\u001b[39m\n    \u001b[31m              <option value=\\\"Cash\\\">Cash</option>·\u001b[39m\n    \u001b[31m              <option value=\\\"EFTPOS\\\">EFTPOS</option>·\u001b[39m\n    \u001b[31m              <option value=\\\"Bank Transfer\\\">Bank Transfer</option>·\u001b[39m\n    \u001b[31m              <option value=\\\"Credit Card\\\">Credit Card</option>·\u001b[39m\n    \u001b[31m            </select>·\u001b[39m\n    \u001b[31m          </div>·\u001b[39m\n    \u001b[31m          <div class=\\\"mb-3\\\">·\u001b[39m\n    \u001b[31m            <label class=\\\"form-label\\\">Status</label>·\u001b[39m\n    \u001b[31m            <select class=\\\"form-select\\\" id=\\\"paymentStatus\\\" required>·\u001b[39m\n    \u001b[31m              <option value=\\\"completed\\\">Completed</option>·\u001b[39m\n    \u001b[31m              <option value=\\\"pending\\\">Pending</option>·\u001b[39m\n    \u001b[31m            </select>·\u001b[39m\n    \u001b[31m          </div>·\u001b[39m\n    \u001b[31m        </div>·\u001b[39m\n    \u001b[31m        <div class=\\\"modal-footer\\\">·\u001b[39m\n    \u001b[31m          <button type=\\\"button\\\" class=\\\"btn btn-secondary\\\" data-bs-dismiss=\\\"modal\\\">Cancel</button>·\u001b[39m\n    \u001b[31m          <button type=\\\"submit\\\" class=\\\"btn btn-primary\\\">Save Payment</button>·\u001b[39m\n    \u001b[31m        </div>·\u001b[39m\n    \u001b[31m      </form>·\u001b[39m\n    \u001b[31m    </div>·\u001b[39m\n    \u001b[31m  </div>·\u001b[39m\n    \u001b[31m</div>·\u001b[39m\n    \u001b[31m<!-- 📜 Create Proposal Modal -->·\u001b[39m\n    \u001b[31m<div class=\\\"modal fade\\\" id=\\\"createProposalModal\\\" tabindex=\\\"-1\\\" aria-labelledby=\\\"createProposalModalLabel\\\" aria-hidden=\\\"true\\\">·\u001b[39m\n    \u001b[31m  <div class=\\\"modal-dialog modal-dialog-centered\\\">·\u001b[39m\n    \u001b[31m    <div class=\\\"modal-content\\\">·\u001b[39m\n    \u001b[31m      <div class=\\\"modal-header\\\">·\u001b[39m\n    \u001b[31m        <h5 class=\\\"modal-title\\\" id=\\\"createProposalModalLabel\\\">Create Proposal</h5>·\u001b[39m\n    \u001b[31m        <button type=\\\"button\\\" class=\\\"btn-close\\\" data-bs-dismiss=\\\"modal\\\" aria-label=\\\"Close\\\"></button>·\u001b[39m\n    \u001b[31m      </div>·\u001b[39m\n    \u001b[31m      <form id=\\\"createProposalForm\\\">·\u001b[39m\n    \u001b[31m        <div class=\\\"modal-body\\\">·\u001b[39m\n    \u001b[31m          <input type=\\\"hidden\\\" id=\\\"proposalFunctionId\\\" value=\\\"e7032da3-fef6-4f89-82fe-37734908100c\\\">·\u001b[39m\n    \u001b[31m          <div class=\\\"mb-3\\\">·\u001b[39m\n    \u001b[31m            <label class=\\\"form-label\\\">Status</label>·\u001b[39m\n    \u001b[31m            <select class=\\\"form-select\\\" id=\\\"proposalStatus\\\">·\u001b[39m\n    \u001b[31m              <option value=\\\"draft\\\">Draft</option>·\u001b[39m\n    \u001b[31m              <option value=\\\"sent\\\">Sent</option>·\u001b[39m\n    \u001b[31m              <option value=\\\"approved\\\">Approved</option>·\u001b[39m\n    \u001b[31m            </select>·\u001b[39m\n    \u001b[31m          </div>·\u001b[39m\n    \u001b[31m          <p class=\\\"text-muted small mb-0\\\">A new proposal will be linked to this function.</p>·\u001b[39m\n    \u001b[31m        </div>·\u001b[39m\n    \u001b[31m        <div class=\\\"modal-footer\\\">·\u001b[39m\n    \u001b[31m          <button type=\\\"button\\\" class=\\\"btn btn-secondary\\\" data-bs-dismiss=\\\"modal\\\">Cancel</button>·\u001b[39m\n    \u001b[31m          <button type=\\\"submit\\\" class=\\\"btn btn-success\\\">Create Proposal</button>·\u001b[39m\n    \u001b[31m        </div>·\u001b[39m\n    \u001b[31m      </form>·\u001b[39m\n    \u001b[31m    </div>·\u001b[39m\n    \u001b[31m  </div>·\u001b[39m\n    \u001b[31m</div>···\u001b[39m\n    \u001b[31m<!-- 🔹 Overlay for Slide Panels -->·\u001b[39m\n    \u001b[31m<div id=\\\"contactOverlay\\\" class=\\\"contact-overlay hidden\\\" aria-hidden=\\\"true\\\"></div>·······\u001b[39m\n    \u001b[31m<!-- 🧠 JS Context -->·\u001b[39m\n    \u001b[31m<script>·\u001b[39m\n    \u001b[31m  document.body.dataset.page = \\\"function-detail\\\";·\u001b[39m\n    \u001b[31m  window.fnContext = {·\u001b[39m\n    \u001b[31m    id: \\\"e7032da3-fef6-4f89-82fe-37734908100c\\\",·\u001b[39m\n    \u001b[31m    name: \\\"Simplified Overview Test\\\",·\u001b[39m\n    \u001b[31m    userId: \\\"1\\\"·\u001b[39m\n    \u001b[31m  };·\u001b[39m\n    \u001b[31m</script>···\u001b[39m\n    \u001b[31m<!-- ⚙️ Initialise Core Scripts -->·\u001b[39m\n    \u001b[31m<script type=\\\"module\\\" src=\\\"/js/core/init.js\\\"></script>·\u001b[39m\n    \u001b[31m<script src=\\\"/js/functions/detail.js\\\" defer></script>·················\u001b[39m\n    \u001b[31m  </div>···\u001b[39m\n    \u001b[31m  <!-- 📣 Toast Notifications -->·\u001b[39m\n    \u001b[31m  <div id=\\\"toast-container\\\"></div>···\u001b[39m\n    \u001b[31m  <!-- ⚙️ Vendor Scripts -->·\u001b[39m\n    \u001b[31m  <script·\u001b[39m\n    \u001b[31m    src=\\\"https://cdn.jsdelivr.net/npm/bootstrap@5.3.3/dist/js/bootstrap.bundle.min.js\\\"·\u001b[39m\n    \u001b[31m    integrity=\\\"sha384-YvpcrYf0tY3lHB60NNkmXc5s9fDVZLESaAA55NDzOxhy9GkcIdslK1eN7N6jIeHz\\\"·\u001b[39m\n    \u001b[31m    crossorigin=\\\"anonymous\\\"·\u001b[39m\n    \u001b[31m  ></script>·\u001b[39m\n    \u001b[31m  <script src=\\\"https://cdn.quilljs.com/2.0.3/quill.min.js\\\"></script>···\u001b[39m\n    \u001b[31m  <!-- Core app initialisation -->·\u001b[39m\n    \u001b[31m  <script type=\\\"module\\\" src=\\\"/js/core/init.js\\\"></script>···\u001b[39m\n    \u001b[31m  <!-- Page-specific JS -->···············\u001b[39m\n    \u001b[31m</body>·\u001b[39m\n    \u001b[31m</html>·············\u001b[39m\n    \u001b[31m\"\u001b[39m\n\u001b[2m\u001b[22m\n\u001b[2m    \u001b[0m \u001b[90m 47 |\u001b[39m     \u001b[36mconst\u001b[39m overviewRes \u001b[33m=\u001b[39m \u001b[36mawait\u001b[39m agent\u001b[33m.\u001b[39m\u001b[36mget\u001b[39m(\u001b[32m`/functions/${rows[0].id_uuid}`\u001b[39m)\u001b[33m;\u001b[39m\u001b[22m\n\u001b[2m     \u001b[90m 48 |\u001b[39m     expect(overviewRes\u001b[33m.\u001b[39mstatus)\u001b[33m.\u001b[39mtoBe(\u001b[35m200\u001b[39m)\u001b[33m;\u001b[39m\u001b[22m\n\u001b[2m    \u001b[31m\u001b[1m>\u001b[22m\u001b[2m\u001b[39m\u001b[90m 49 |\u001b[39m     expect(overviewRes\u001b[33m.\u001b[39mtext)\u001b[33m.\u001b[39mtoContain(\u001b[32m\"Quick booking summary\"\u001b[39m)\u001b[33m;\u001b[39m\u001b[22m\n\u001b[2m     \u001b[90m    |\u001b[39m                              \u001b[31m\u001b[1m^\u001b[22m\u001b[2m\u001b[39m\u001b[22m\n\u001b[2m     \u001b[90m 50 |\u001b[39m     expect(overviewRes\u001b[33m.\u001b[39mtext)\u001b[33m.\u001b[39mnot\u001b[33m.\u001b[39mtoContain(\u001b[32m\"Function ID\"\u001b[39m)\u001b[33m;\u001b[39m\u001b[22m\n\u001b[2m     \u001b[90m 51 |\u001b[39m   })\u001b[33m;\u001b[39m\u001b[22m\n\u001b[2m     \u001b[90m 52 |\u001b[39m\u001b[0m\u001b[22m\n\u001b[2m\u001b[22m\n\u001b[2m      \u001b[2mat Object.toContain (\u001b[22m\u001b[2m\u001b[0m\u001b[36mbackend/tests/__tests__/functions.test.js\u001b[39m\u001b[0m\u001b[2m:49:30)\u001b[22m\u001b[2m\u001b[22m\n","name":"C:\\Users\\user\\porirua-club-platform\\backend\\tests\\__tests__\\functions.test.js","startTime":1783250677162,"status":"failed","summary":""}],"wasInterrupted":false}
