{"numFailedTestSuites":1,"numFailedTests":1,"numPassedTestSuites":0,"numPassedTests":5,"numPendingTestSuites":0,"numPendingTests":0,"numRuntimeErrorTestSuites":0,"numTodoTests":0,"numTotalTestSuites":1,"numTotalTests":6,"openHandles":[],"snapshot":{"added":0,"didUpdate":false,"failure":false,"filesAdded":0,"filesRemoved":0,"filesRemovedList":[],"filesUnmatched":0,"filesUpdated":0,"matched":0,"total":0,"unchecked":0,"uncheckedKeysByFile":[],"unmatched":0,"updated":0},"startTime":1783286282918,"success":false,"testResults":[{"assertionResults":[{"ancestorTitles":["function room allocations"],"duration":4166,"failureDetails":[],"failureMessages":[],"fullName":"function room allocations allocations are included in calendar room filters","invocations":1,"location":null,"numPassingAsserts":7,"retryReasons":[],"status":"passed","title":"allocations are included in calendar room filters"},{"ancestorTitles":["function room allocations"],"duration":3107,"failureDetails":[],"failureMessages":[],"fullName":"function room allocations allocation date windows control room filter matches","invocations":1,"location":null,"numPassingAsserts":7,"retryReasons":[],"status":"passed","title":"allocation date windows control room filter matches"},{"ancestorTitles":["function room allocations"],"duration":2241,"failureDetails":[],"failureMessages":[],"fullName":"function room allocations primary room is used when no allocations exist","invocations":1,"location":null,"numPassingAsserts":6,"retryReasons":[],"status":"passed","title":"primary room is used when no allocations exist"},{"ancestorTitles":["function room allocations"],"duration":2486,"failureDetails":[],"failureMessages":[],"fullName":"function room allocations multiple allocations across rooms appear in room names","invocations":1,"location":null,"numPassingAsserts":7,"retryReasons":[],"status":"passed","title":"multiple allocations across rooms appear in room names"},{"ancestorTitles":["function room allocations"],"duration":4751,"failureDetails":[{"matcherResult":{"message":"\u001b[2mexpect(\u001b[22m\u001b[31mreceived\u001b[39m\u001b[2m).\u001b[22mtoContain\u001b[2m(\u001b[22m\u001b[32mexpected\u001b[39m\u001b[2m) // indexOf\u001b[22m\n\nExpected value: \u001b[32m400\u001b[39m\nReceived array: \u001b[31m[302, 200]\u001b[39m","pass":false}}],"failureMessages":["Error: \u001b[2mexpect(\u001b[22m\u001b[31mreceived\u001b[39m\u001b[2m).\u001b[22mtoContain\u001b[2m(\u001b[22m\u001b[32mexpected\u001b[39m\u001b[2m) // indexOf\u001b[22m\n\nExpected value: \u001b[32m400\u001b[39m\nReceived array: \u001b[31m[302, 200]\u001b[39m\n    at Object.toContain (C:\\Users\\user\\porirua-club-platform\\backend\\tests\\__tests__\\function-room-allocations.test.js:295:24)\n    at processTicksAndRejections (node:internal/process/task_queues:103:5)"],"fullName":"function room allocations edit clears allocations when none submitted","invocations":1,"location":null,"numPassingAsserts":3,"retryReasons":[],"status":"failed","title":"edit clears allocations when none submitted"},{"ancestorTitles":["function room allocations"],"duration":1965,"failureDetails":[],"failureMessages":[],"fullName":"function room allocations rejects allocations with end before start","invocations":1,"location":null,"numPassingAsserts":5,"retryReasons":[],"status":"passed","title":"rejects allocations with end before start"}],"endTime":1783286307930,"message":"\u001b[1m\u001b[31m  \u001b[1m● \u001b[22m\u001b[1mfunction room allocations › edit clears allocations when none submitted\u001b[39m\u001b[22m\n\n    \u001b[2mexpect(\u001b[22m\u001b[31mreceived\u001b[39m\u001b[2m).\u001b[22mtoContain\u001b[2m(\u001b[22m\u001b[32mexpected\u001b[39m\u001b[2m) // indexOf\u001b[22m\n\n    Expected value: \u001b[32m400\u001b[39m\n    Received array: \u001b[31m[302, 200]\u001b[39m\n\u001b[2m\u001b[22m\n\u001b[2m    \u001b[0m \u001b[90m 293 |\u001b[39m       status\u001b[33m:\u001b[39m \u001b[32m\"lead\"\u001b[39m\u001b[33m,\u001b[39m\u001b[22m\n\u001b[2m     \u001b[90m 294 |\u001b[39m     })\u001b[33m;\u001b[39m\u001b[22m\n\u001b[2m    \u001b[31m\u001b[1m>\u001b[22m\u001b[2m\u001b[39m\u001b[90m 295 |\u001b[39m     expect([\u001b[35m302\u001b[39m\u001b[33m,\u001b[39m \u001b[35m200\u001b[39m])\u001b[33m.\u001b[39mtoContain(editRes\u001b[33m.\u001b[39mstatus)\u001b[33m;\u001b[39m\u001b[22m\n\u001b[2m     \u001b[90m     |\u001b[39m                        \u001b[31m\u001b[1m^\u001b[22m\u001b[2m\u001b[39m\u001b[22m\n\u001b[2m     \u001b[90m 296 |\u001b[39m\u001b[22m\n\u001b[2m     \u001b[90m 297 |\u001b[39m     \u001b[36mconst\u001b[39m { rows\u001b[33m:\u001b[39m remaining } \u001b[33m=\u001b[39m \u001b[36mawait\u001b[39m pool\u001b[33m.\u001b[39mquery(\u001b[22m\n\u001b[2m     \u001b[90m 298 |\u001b[39m       \u001b[32m`SELECT id FROM function_room_allocations WHERE function_id = $1;`\u001b[39m\u001b[33m,\u001b[39m\u001b[0m\u001b[22m\n\u001b[2m\u001b[22m\n\u001b[2m      \u001b[2mat Object.toContain (\u001b[22m\u001b[2m\u001b[0m\u001b[36mbackend/tests/__tests__/function-room-allocations.test.js\u001b[39m\u001b[0m\u001b[2m:295:24)\u001b[22m\u001b[2m\u001b[22m\n","name":"C:\\Users\\user\\porirua-club-platform\\backend\\tests\\__tests__\\function-room-allocations.test.js","startTime":1783286283121,"status":"failed","summary":""}],"wasInterrupted":false}
